[31m2022-12-30 10:07:44[0;39m [32m[restartedMain][0;39m [34mINFO [0;39m [1;35mcom.ashuo.scms.ScmsApplication[0;39m [logStarting,55]- Starting ScmsApplication using Java 1.8.0_341 on DESKTOP-P6L8B66 with PID 3448 (D:\A学习资料\Java\毕业设计\SCMS-main\SCMS-main\scms\target\classes started by chaowie in D:\A学习资料\Java\毕业设计\SCMS-main\SCMS-main\scms)
[31m2022-12-30 10:07:44[0;39m [32m[restartedMain][0;39m [34mINFO [0;39m [1;35mcom.ashuo.scms.ScmsApplication[0;39m [logStartupProfileInfo,659]- No active profile set, falling back to default profiles: default
[31m2022-12-30 10:07:44[0;39m [32m[restartedMain][0;39m [34mINFO [0;39m [1;35mo.s.b.d.e.DevToolsPropertyDefaultsPostProcessor[0;39m [logTo,255]- Devtools property defaults active! Set 'spring.devtools.add-properties' to 'false' to disable
[31m2022-12-30 10:07:44[0;39m [32m[restartedMain][0;39m [34mINFO [0;39m [1;35mo.s.b.d.e.DevToolsPropertyDefaultsPostProcessor[0;39m [logTo,255]- For additional web related logging consider setting the 'logging.level.web' property to 'DEBUG'
[31m2022-12-30 10:07:45[0;39m [32m[restartedMain][0;39m [31mWARN [0;39m [1;35mo.m.s.mapper.ClassPathMapperScanner[0;39m [warn,44]- No MyBatis mapper was found in '[com.ashuo.scms]' package. Please check your configuration.
[31m2022-12-30 10:07:45[0;39m [32m[restartedMain][0;39m [34mINFO [0;39m [1;35mo.s.c.s.PostProcessorRegistrationDelegate$BeanPostProcessorChecker[0;39m [postProcessAfterInitialization,376]- Bean 'shiroConfig' of type [com.ashuo.scms.config.ShiroConfig$$EnhancerBySpringCGLIB$$8fc7e8] is not eligible for getting processed by all BeanPostProcessors (for example: not eligible for auto-proxying)
[31m2022-12-30 10:07:45[0;39m [32m[restartedMain][0;39m [34mINFO [0;39m [1;35mo.s.c.s.PostProcessorRegistrationDelegate$BeanPostProcessorChecker[0;39m [postProcessAfterInitialization,376]- Bean 'mybatis-plus-com.baomidou.mybatisplus.autoconfigure.MybatisPlusProperties' of type [com.baomidou.mybatisplus.autoconfigure.MybatisPlusProperties] is not eligible for getting processed by all BeanPostProcessors (for example: not eligible for auto-proxying)
[31m2022-12-30 10:07:45[0;39m [32m[restartedMain][0;39m [34mINFO [0;39m [1;35mo.s.c.s.PostProcessorRegistrationDelegate$BeanPostProcessorChecker[0;39m [postProcessAfterInitialization,376]- Bean 'mybatisPlusConfig' of type [com.ashuo.scms.config.MybatisPlusConfig$$EnhancerBySpringCGLIB$$5492dc4] is not eligible for getting processed by all BeanPostProcessors (for example: not eligible for auto-proxying)
[31m2022-12-30 10:07:45[0;39m [32m[restartedMain][0;39m [34mINFO [0;39m [1;35mo.s.c.s.PostProcessorRegistrationDelegate$BeanPostProcessorChecker[0;39m [postProcessAfterInitialization,376]- Bean 'paginationInterceptor' of type [com.baomidou.mybatisplus.extension.plugins.PaginationInterceptor] is not eligible for getting processed by all BeanPostProcessors (for example: not eligible for auto-proxying)
[31m2022-12-30 10:07:45[0;39m [32m[restartedMain][0;39m [34mINFO [0;39m [1;35mo.s.c.s.PostProcessorRegistrationDelegate$BeanPostProcessorChecker[0;39m [postProcessAfterInitialization,376]- Bean 'com.baomidou.mybatisplus.autoconfigure.MybatisPlusAutoConfiguration' of type [com.baomidou.mybatisplus.autoconfigure.MybatisPlusAutoConfiguration$$EnhancerBySpringCGLIB$$dc2955e9] is not eligible for getting processed by all BeanPostProcessors (for example: not eligible for auto-proxying)
[31m2022-12-30 10:07:45[0;39m [32m[restartedMain][0;39m [34mINFO [0;39m [1;35mo.s.c.s.PostProcessorRegistrationDelegate$BeanPostProcessorChecker[0;39m [postProcessAfterInitialization,376]- Bean 'com.alibaba.druid.spring.boot.autoconfigure.DruidDataSourceAutoConfigure' of type [com.alibaba.druid.spring.boot.autoconfigure.DruidDataSourceAutoConfigure$$EnhancerBySpringCGLIB$$b80cdec1] is not eligible for getting processed by all BeanPostProcessors (for example: not eligible for auto-proxying)
[31m2022-12-30 10:07:45[0;39m [32m[restartedMain][0;39m [34mINFO [0;39m [1;35mc.a.d.s.b.a.DruidDataSourceAutoConfigure[0;39m [dataSource,56]- Init DruidDataSource
[31m2022-12-30 10:07:45[0;39m [32m[restartedMain][0;39m [34mINFO [0;39m [1;35mo.s.c.s.PostProcessorRegistrationDelegate$BeanPostProcessorChecker[0;39m [postProcessAfterInitialization,376]- Bean 'spring.datasource-org.springframework.boot.autoconfigure.jdbc.DataSourceProperties' of type [org.springframework.boot.autoconfigure.jdbc.DataSourceProperties] is not eligible for getting processed by all BeanPostProcessors (for example: not eligible for auto-proxying)
[31m2022-12-30 10:07:45[0;39m [32m[restartedMain][0;39m [34mINFO [0;39m [1;35mc.alibaba.druid.pool.DruidDataSource[0;39m [init,985]- {dataSource-1} inited
[31m2022-12-30 10:07:45[0;39m [32m[restartedMain][0;39m [34mINFO [0;39m [1;35mo.s.c.s.PostProcessorRegistrationDelegate$BeanPostProcessorChecker[0;39m [postProcessAfterInitialization,376]- Bean 'dataSource' of type [com.alibaba.druid.spring.boot.autoconfigure.DruidDataSourceWrapper] is not eligible for getting processed by all BeanPostProcessors (for example: not eligible for auto-proxying)
[31m2022-12-30 10:07:46[0;39m [32m[restartedMain][0;39m [34mINFO [0;39m [1;35mo.s.c.s.PostProcessorRegistrationDelegate$BeanPostProcessorChecker[0;39m [postProcessAfterInitialization,376]- Bean 'sqlSessionFactory' of type [org.apache.ibatis.session.defaults.DefaultSqlSessionFactory] is not eligible for getting processed by all BeanPostProcessors (for example: not eligible for auto-proxying)
[31m2022-12-30 10:07:46[0;39m [32m[restartedMain][0;39m [34mINFO [0;39m [1;35mo.s.c.s.PostProcessorRegistrationDelegate$BeanPostProcessorChecker[0;39m [postProcessAfterInitialization,376]- Bean 'sqlSessionTemplate' of type [org.mybatis.spring.SqlSessionTemplate] is not eligible for getting processed by all BeanPostProcessors (for example: not eligible for auto-proxying)
[31m2022-12-30 10:07:46[0;39m [32m[restartedMain][0;39m [34mINFO [0;39m [1;35mo.s.c.s.PostProcessorRegistrationDelegate$BeanPostProcessorChecker[0;39m [postProcessAfterInitialization,376]- Bean 'userMapper' of type [org.mybatis.spring.mapper.MapperFactoryBean] is not eligible for getting processed by all BeanPostProcessors (for example: not eligible for auto-proxying)
[31m2022-12-30 10:07:46[0;39m [32m[restartedMain][0;39m [34mINFO [0;39m [1;35mo.s.c.s.PostProcessorRegistrationDelegate$BeanPostProcessorChecker[0;39m [postProcessAfterInitialization,376]- Bean 'userMapper' of type [com.sun.proxy.$Proxy84] is not eligible for getting processed by all BeanPostProcessors (for example: not eligible for auto-proxying)
[31m2022-12-30 10:07:46[0;39m [32m[restartedMain][0;39m [34mINFO [0;39m [1;35mo.s.c.s.PostProcessorRegistrationDelegate$BeanPostProcessorChecker[0;39m [postProcessAfterInitialization,376]- Bean 'userServiceImpl' of type [com.ashuo.scms.service.impl.UserServiceImpl] is not eligible for getting processed by all BeanPostProcessors (for example: not eligible for auto-proxying)
[31m2022-12-30 10:07:46[0;39m [32m[restartedMain][0;39m [34mINFO [0;39m [1;35mo.s.c.s.PostProcessorRegistrationDelegate$BeanPostProcessorChecker[0;39m [postProcessAfterInitialization,376]- Bean 'accountRealm' of type [com.ashuo.scms.shiro.AccountRealm] is not eligible for getting processed by all BeanPostProcessors (for example: not eligible for auto-proxying)
[31m2022-12-30 10:07:46[0;39m [32m[restartedMain][0;39m [34mINFO [0;39m [1;35mo.s.c.s.PostProcessorRegistrationDelegate$BeanPostProcessorChecker[0;39m [postProcessAfterInitialization,376]- Bean 'securityManager' of type [org.apache.shiro.web.mgt.DefaultWebSecurityManager] is not eligible for getting processed by all BeanPostProcessors (for example: not eligible for auto-proxying)
[31m2022-12-30 10:07:46[0;39m [32m[restartedMain][0;39m [34mINFO [0;39m [1;35mo.s.c.s.PostProcessorRegistrationDelegate$BeanPostProcessorChecker[0;39m [postProcessAfterInitialization,376]- Bean 'authorizationAttributeSourceAdvisor' of type [org.apache.shiro.spring.security.interceptor.AuthorizationAttributeSourceAdvisor] is not eligible for getting processed by all BeanPostProcessors (for example: not eligible for auto-proxying)
[31m2022-12-30 10:07:47[0;39m [32m[restartedMain][0;39m [34mINFO [0;39m [1;35mo.s.b.w.e.tomcat.TomcatWebServer[0;39m [initialize,108]- Tomcat initialized with port(s): 8088 (http)
[31m2022-12-30 10:07:47[0;39m [32m[restartedMain][0;39m [34mINFO [0;39m [1;35mo.a.coyote.http11.Http11NioProtocol[0;39m [log,173]- Initializing ProtocolHandler ["http-nio-8088"]
[31m2022-12-30 10:07:47[0;39m [32m[restartedMain][0;39m [34mINFO [0;39m [1;35mo.a.catalina.core.StandardService[0;39m [log,173]- Starting service [Tomcat]
[31m2022-12-30 10:07:47[0;39m [32m[restartedMain][0;39m [34mINFO [0;39m [1;35mo.a.catalina.core.StandardEngine[0;39m [log,173]- Starting Servlet engine: [Apache Tomcat/9.0.53]
[31m2022-12-30 10:07:47[0;39m [32m[restartedMain][0;39m [34mINFO [0;39m [1;35mo.a.c.c.C.[Tomcat].[localhost].[/][0;39m [log,173]- Initializing Spring embedded WebApplicationContext
[31m2022-12-30 10:07:47[0;39m [32m[restartedMain][0;39m [34mINFO [0;39m [1;35mo.s.b.w.s.c.ServletWebServerApplicationContext[0;39m [prepareWebApplicationContext,290]- Root WebApplicationContext: initialization completed in 3159 ms
[31m2022-12-30 10:07:47[0;39m [32m[restartedMain][0;39m [34mINFO [0;39m [1;35ms.d.s.w.PropertySourcedRequestMappingHandlerMapping[0;39m [initHandlerMethods,69]- Mapped URL path [/v2/api-docs] onto method [springfox.documentation.swagger2.web.Swagger2Controller#getDocumentation(String, HttpServletRequest)]
[31m2022-12-30 10:07:48[0;39m [32m[restartedMain][0;39m [34mINFO [0;39m [1;35mo.s.b.d.a.OptionalLiveReloadServer[0;39m [startServer,58]- LiveReload server is running on port 35729
[31m2022-12-30 10:07:48[0;39m [32m[restartedMain][0;39m [34mINFO [0;39m [1;35mo.a.coyote.http11.Http11NioProtocol[0;39m [log,173]- Starting ProtocolHandler ["http-nio-8088"]
[31m2022-12-30 10:07:48[0;39m [32m[restartedMain][0;39m [34mINFO [0;39m [1;35mo.s.b.w.e.tomcat.TomcatWebServer[0;39m [start,220]- Tomcat started on port(s): 8088 (http) with context path ''
[31m2022-12-30 10:07:48[0;39m [32m[restartedMain][0;39m [34mINFO [0;39m [1;35ms.d.s.w.p.DocumentationPluginsBootstrapper[0;39m [start,160]- Context refreshed
[31m2022-12-30 10:07:48[0;39m [32m[restartedMain][0;39m [34mINFO [0;39m [1;35ms.d.s.w.p.DocumentationPluginsBootstrapper[0;39m [start,163]- Found 1 custom documentation plugin(s)
[31m2022-12-30 10:07:48[0;39m [32m[restartedMain][0;39m [34mINFO [0;39m [1;35ms.d.s.w.s.ApiListingReferenceScanner[0;39m [scan,41]- Scanning for api listing references
[31m2022-12-30 10:07:48[0;39m [32m[restartedMain][0;39m [34mINFO [0;39m [1;35mcom.ashuo.scms.ScmsApplication[0;39m [logStarted,61]- Started ScmsApplication in 5.045 seconds (JVM running for 6.606)
[31m2022-12-30 10:08:59[0;39m [32m[http-nio-8088-exec-1][0;39m [34mINFO [0;39m [1;35mo.a.c.c.C.[Tomcat].[localhost].[/][0;39m [log,173]- Initializing Spring DispatcherServlet 'dispatcherServlet'
[31m2022-12-30 10:08:59[0;39m [32m[http-nio-8088-exec-1][0;39m [34mINFO [0;39m [1;35mo.s.web.servlet.DispatcherServlet[0;39m [initServletBean,525]- Initializing Servlet 'dispatcherServlet'
[31m2022-12-30 10:08:59[0;39m [32m[http-nio-8088-exec-1][0;39m [34mINFO [0;39m [1;35mo.s.web.servlet.DispatcherServlet[0;39m [initServletBean,547]- Completed initialization in 1 ms
[31m2022-12-30 10:40:53[0;39m [32m[http-nio-8088-exec-7][0;39m [31mWARN [0;39m [1;35mo.s.w.s.m.m.a.ExceptionHandlerExceptionResolver[0;39m [logException,207]- Resolved [org.springframework.dao.DataIntegrityViolationException: 
### Error updating database.  Cause: com.mysql.jdbc.exceptions.jdbc4.MySQLIntegrityConstraintViolationException: Cannot delete or update a parent row: a foreign key constraint fails (`scms`.`item`, CONSTRAINT `item_ibfk_1` FOREIGN KEY (`u_id`) REFERENCES `user` (`user_id`) ON DELETE RESTRICT ON UPDATE RESTRICT)
### The error may exist in file [D:\A学习资料\Java\毕业设计\SCMS-main\SCMS-main\scms\target\classes\mapper\UserMapper.xml]
### The error may involve defaultParameterMap
### The error occurred while setting parameters
### SQL: DELETE         FROM USER         WHERE user_id = ?
### Cause: com.mysql.jdbc.exceptions.jdbc4.MySQLIntegrityConstraintViolationException: Cannot delete or update a parent row: a foreign key constraint fails (`scms`.`item`, CONSTRAINT `item_ibfk_1` FOREIGN KEY (`u_id`) REFERENCES `user` (`user_id`) ON DELETE RESTRICT ON UPDATE RESTRICT)
; Cannot delete or update a parent row: a foreign key constraint fails (`scms`.`item`, CONSTRAINT `item_ibfk_1` FOREIGN KEY (`u_id`) REFERENCES `user` (`user_id`) ON DELETE RESTRICT ON UPDATE RESTRICT); nested exception is com.mysql.jdbc.exceptions.jdbc4.MySQLIntegrityConstraintViolationException: Cannot delete or update a parent row: a foreign key constraint fails (`scms`.`item`, CONSTRAINT `item_ibfk_1` FOREIGN KEY (`u_id`) REFERENCES `user` (`user_id`) ON DELETE RESTRICT ON UPDATE RESTRICT)]
[31m2022-12-30 10:54:29[0;39m [32m[http-nio-8088-exec-6][0;39m [31mWARN [0;39m [1;35mo.s.w.s.m.m.a.ExceptionHandlerExceptionResolver[0;39m [logException,207]- Resolved [org.mybatis.spring.MyBatisSystemException: nested exception is org.apache.ibatis.exceptions.PersistenceException: 
### Error querying database.  Cause: com.baomidou.mybatisplus.core.exceptions.MybatisPlusException: Error: Method queryTotal execution error of sql : 
 SELECT COUNT(1) FROM ( SELECT
        r.ranking_id,
        SUM( rank ) AS rank,
        r.edit_time,
        a.athlete_id,
        i.item_id,
        u.user_id,
        u.user_no,
        u.nickname,
        u.user_sex,
        t.team_id,
        t.team_name,
        se.season_id,
        se.season_name
        FROM
        ranking r
        INNER JOIN `athlete` a ON r.a_id = a.athlete_id
        INNER JOIN `item` i ON a.i_id = i.item_id
        INNER JOIN `user` u ON a.u_id = u.user_id
        INNER JOIN `team` t ON u.t_id = t.team_id
        INNER JOIN `season` se ON i.se_id = se.season_id
         WHERE 
                u.nickname LIKE
                '%%'
            
            
            
                AND se.season_id=? 
        GROUP BY
        u.user_id
        ORDER BY
        rank
        DESC ) TOTAL 

### The error may exist in file [D:\A学习资料\Java\毕业设计\SCMS-main\SCMS-main\scms\target\classes\mapper\RankingMapper.xml]
### The error may involve defaultParameterMap
### The error occurred while setting parameters
### Cause: com.baomidou.mybatisplus.core.exceptions.MybatisPlusException: Error: Method queryTotal execution error of sql : 
 SELECT COUNT(1) FROM ( SELECT
        r.ranking_id,
        SUM( rank ) AS rank,
        r.edit_time,
        a.athlete_id,
        i.item_id,
        u.user_id,
        u.user_no,
        u.nickname,
        u.user_sex,
        t.team_id,
        t.team_name,
        se.season_id,
        se.season_name
        FROM
        ranking r
        INNER JOIN `athlete` a ON r.a_id = a.athlete_id
        INNER JOIN `item` i ON a.i_id = i.item_id
        INNER JOIN `user` u ON a.u_id = u.user_id
        INNER JOIN `team` t ON u.t_id = t.team_id
        INNER JOIN `season` se ON i.se_id = se.season_id
         WHERE 
                u.nickname LIKE
                '%%'
            
            
            
                AND se.season_id=? 
        GROUP BY
        u.user_id
        ORDER BY
        rank
        DESC ) TOTAL 
]
[31m2022-12-30 10:54:31[0;39m [32m[http-nio-8088-exec-8][0;39m [31mWARN [0;39m [1;35mo.s.w.s.m.m.a.ExceptionHandlerExceptionResolver[0;39m [logException,207]- Resolved [org.mybatis.spring.MyBatisSystemException: nested exception is org.apache.ibatis.exceptions.PersistenceException: 
### Error querying database.  Cause: com.baomidou.mybatisplus.core.exceptions.MybatisPlusException: Error: Method queryTotal execution error of sql : 
 SELECT COUNT(1) FROM ( SELECT
        r.ranking_id,
        SUM( rank ) AS rank,
        r.edit_time,
        a.athlete_id,
        i.item_id,
        u.user_id,
        t.team_id,
        t.team_name,
        se.season_id,
        se.season_name
        FROM
        ranking r
        INNER JOIN `athlete` a ON r.a_id = a.athlete_id
        INNER JOIN `item` i ON a.i_id = i.item_id
        INNER JOIN `user` u ON a.u_id = u.user_id
        INNER JOIN `team` t ON u.t_id = t.team_id
        INNER JOIN `season` se ON i.se_id = se.season_id
         WHERE  t.team_name LIKE
                '%%'
            
            
                AND se.season_id=? 
        GROUP BY
        u.t_id
        ORDER BY
        rank DESC ) TOTAL 

### The error may exist in file [D:\A学习资料\Java\毕业设计\SCMS-main\SCMS-main\scms\target\classes\mapper\RankingMapper.xml]
### The error may involve defaultParameterMap
### The error occurred while setting parameters
### Cause: com.baomidou.mybatisplus.core.exceptions.MybatisPlusException: Error: Method queryTotal execution error of sql : 
 SELECT COUNT(1) FROM ( SELECT
        r.ranking_id,
        SUM( rank ) AS rank,
        r.edit_time,
        a.athlete_id,
        i.item_id,
        u.user_id,
        t.team_id,
        t.team_name,
        se.season_id,
        se.season_name
        FROM
        ranking r
        INNER JOIN `athlete` a ON r.a_id = a.athlete_id
        INNER JOIN `item` i ON a.i_id = i.item_id
        INNER JOIN `user` u ON a.u_id = u.user_id
        INNER JOIN `team` t ON u.t_id = t.team_id
        INNER JOIN `season` se ON i.se_id = se.season_id
         WHERE  t.team_name LIKE
                '%%'
            
            
                AND se.season_id=? 
        GROUP BY
        u.t_id
        ORDER BY
        rank DESC ) TOTAL 
]
[31m2022-12-30 10:54:57[0;39m [32m[http-nio-8088-exec-8][0;39m [31mWARN [0;39m [1;35mo.s.w.s.m.m.a.ExceptionHandlerExceptionResolver[0;39m [logException,207]- Resolved [org.mybatis.spring.MyBatisSystemException: nested exception is org.apache.ibatis.exceptions.PersistenceException: 
### Error querying database.  Cause: com.baomidou.mybatisplus.core.exceptions.MybatisPlusException: Error: Method queryTotal execution error of sql : 
 SELECT COUNT(1) FROM ( SELECT
        r.ranking_id,
        SUM( rank ) AS rank,
        r.edit_time,
        a.athlete_id,
        i.item_id,
        u.user_id,
        u.user_no,
        u.nickname,
        u.user_sex,
        t.team_id,
        t.team_name,
        se.season_id,
        se.season_name
        FROM
        ranking r
        INNER JOIN `athlete` a ON r.a_id = a.athlete_id
        INNER JOIN `item` i ON a.i_id = i.item_id
        INNER JOIN `user` u ON a.u_id = u.user_id
        INNER JOIN `team` t ON u.t_id = t.team_id
        INNER JOIN `season` se ON i.se_id = se.season_id
         WHERE 
                u.nickname LIKE
                '%%'
            
            
            
                AND se.season_id=? 
        GROUP BY
        u.user_id
        ORDER BY
        rank
        DESC ) TOTAL 

### The error may exist in file [D:\A学习资料\Java\毕业设计\SCMS-main\SCMS-main\scms\target\classes\mapper\RankingMapper.xml]
### The error may involve defaultParameterMap
### The error occurred while setting parameters
### Cause: com.baomidou.mybatisplus.core.exceptions.MybatisPlusException: Error: Method queryTotal execution error of sql : 
 SELECT COUNT(1) FROM ( SELECT
        r.ranking_id,
        SUM( rank ) AS rank,
        r.edit_time,
        a.athlete_id,
        i.item_id,
        u.user_id,
        u.user_no,
        u.nickname,
        u.user_sex,
        t.team_id,
        t.team_name,
        se.season_id,
        se.season_name
        FROM
        ranking r
        INNER JOIN `athlete` a ON r.a_id = a.athlete_id
        INNER JOIN `item` i ON a.i_id = i.item_id
        INNER JOIN `user` u ON a.u_id = u.user_id
        INNER JOIN `team` t ON u.t_id = t.team_id
        INNER JOIN `season` se ON i.se_id = se.season_id
         WHERE 
                u.nickname LIKE
                '%%'
            
            
            
                AND se.season_id=? 
        GROUP BY
        u.user_id
        ORDER BY
        rank
        DESC ) TOTAL 
]
[31m2022-12-30 10:55:39[0;39m [32m[http-nio-8088-exec-10][0;39m [31mWARN [0;39m [1;35mo.s.w.s.m.m.a.ExceptionHandlerExceptionResolver[0;39m [logException,207]- Resolved [org.mybatis.spring.MyBatisSystemException: nested exception is org.apache.ibatis.exceptions.PersistenceException: 
### Error querying database.  Cause: com.baomidou.mybatisplus.core.exceptions.MybatisPlusException: Error: Method queryTotal execution error of sql : 
 SELECT COUNT(1) FROM ( SELECT
        r.ranking_id,
        SUM( rank ) AS rank,
        r.edit_time,
        a.athlete_id,
        i.item_id,
        u.user_id,
        u.user_no,
        u.nickname,
        u.user_sex,
        t.team_id,
        t.team_name,
        se.season_id,
        se.season_name
        FROM
        ranking r
        INNER JOIN `athlete` a ON r.a_id = a.athlete_id
        INNER JOIN `item` i ON a.i_id = i.item_id
        INNER JOIN `user` u ON a.u_id = u.user_id
        INNER JOIN `team` t ON u.t_id = t.team_id
        INNER JOIN `season` se ON i.se_id = se.season_id
         WHERE 
                u.nickname LIKE
                '%%'
            
            
            
                AND se.season_id=? 
        GROUP BY
        u.user_id
        ORDER BY
        rank
        DESC ) TOTAL 

### The error may exist in file [D:\A学习资料\Java\毕业设计\SCMS-main\SCMS-main\scms\target\classes\mapper\RankingMapper.xml]
### The error may involve defaultParameterMap
### The error occurred while setting parameters
### Cause: com.baomidou.mybatisplus.core.exceptions.MybatisPlusException: Error: Method queryTotal execution error of sql : 
 SELECT COUNT(1) FROM ( SELECT
        r.ranking_id,
        SUM( rank ) AS rank,
        r.edit_time,
        a.athlete_id,
        i.item_id,
        u.user_id,
        u.user_no,
        u.nickname,
        u.user_sex,
        t.team_id,
        t.team_name,
        se.season_id,
        se.season_name
        FROM
        ranking r
        INNER JOIN `athlete` a ON r.a_id = a.athlete_id
        INNER JOIN `item` i ON a.i_id = i.item_id
        INNER JOIN `user` u ON a.u_id = u.user_id
        INNER JOIN `team` t ON u.t_id = t.team_id
        INNER JOIN `season` se ON i.se_id = se.season_id
         WHERE 
                u.nickname LIKE
                '%%'
            
            
            
                AND se.season_id=? 
        GROUP BY
        u.user_id
        ORDER BY
        rank
        DESC ) TOTAL 
]
[31m2022-12-30 10:55:40[0;39m [32m[http-nio-8088-exec-9][0;39m [31mWARN [0;39m [1;35mo.s.w.s.m.m.a.ExceptionHandlerExceptionResolver[0;39m [logException,207]- Resolved [org.mybatis.spring.MyBatisSystemException: nested exception is org.apache.ibatis.exceptions.PersistenceException: 
### Error querying database.  Cause: com.baomidou.mybatisplus.core.exceptions.MybatisPlusException: Error: Method queryTotal execution error of sql : 
 SELECT COUNT(1) FROM ( SELECT
        r.ranking_id,
        SUM( rank ) AS rank,
        r.edit_time,
        a.athlete_id,
        i.item_id,
        u.user_id,
        t.team_id,
        t.team_name,
        se.season_id,
        se.season_name
        FROM
        ranking r
        INNER JOIN `athlete` a ON r.a_id = a.athlete_id
        INNER JOIN `item` i ON a.i_id = i.item_id
        INNER JOIN `user` u ON a.u_id = u.user_id
        INNER JOIN `team` t ON u.t_id = t.team_id
        INNER JOIN `season` se ON i.se_id = se.season_id
         WHERE  t.team_name LIKE
                '%%'
            
            
                AND se.season_id=? 
        GROUP BY
        u.t_id
        ORDER BY
        rank DESC ) TOTAL 

### The error may exist in file [D:\A学习资料\Java\毕业设计\SCMS-main\SCMS-main\scms\target\classes\mapper\RankingMapper.xml]
### The error may involve defaultParameterMap
### The error occurred while setting parameters
### Cause: com.baomidou.mybatisplus.core.exceptions.MybatisPlusException: Error: Method queryTotal execution error of sql : 
 SELECT COUNT(1) FROM ( SELECT
        r.ranking_id,
        SUM( rank ) AS rank,
        r.edit_time,
        a.athlete_id,
        i.item_id,
        u.user_id,
        t.team_id,
        t.team_name,
        se.season_id,
        se.season_name
        FROM
        ranking r
        INNER JOIN `athlete` a ON r.a_id = a.athlete_id
        INNER JOIN `item` i ON a.i_id = i.item_id
        INNER JOIN `user` u ON a.u_id = u.user_id
        INNER JOIN `team` t ON u.t_id = t.team_id
        INNER JOIN `season` se ON i.se_id = se.season_id
         WHERE  t.team_name LIKE
                '%%'
            
            
                AND se.season_id=? 
        GROUP BY
        u.t_id
        ORDER BY
        rank DESC ) TOTAL 
]
[31m2022-12-30 11:23:22[0;39m [32m[http-nio-8088-exec-7][0;39m [31mWARN [0;39m [1;35mo.s.w.s.m.m.a.ExceptionHandlerExceptionResolver[0;39m [logException,207]- Resolved [org.mybatis.spring.MyBatisSystemException: nested exception is org.apache.ibatis.exceptions.PersistenceException: 
### Error querying database.  Cause: com.baomidou.mybatisplus.core.exceptions.MybatisPlusException: Error: Method queryTotal execution error of sql : 
 SELECT COUNT(1) FROM ( SELECT
        r.ranking_id,
        SUM( rank ) AS rank,
        r.edit_time,
        a.athlete_id,
        i.item_id,
        u.user_id,
        u.user_no,
        u.nickname,
        u.user_sex,
        t.team_id,
        t.team_name,
        se.season_id,
        se.season_name
        FROM
        ranking r
        INNER JOIN `athlete` a ON r.a_id = a.athlete_id
        INNER JOIN `item` i ON a.i_id = i.item_id
        INNER JOIN `user` u ON a.u_id = u.user_id
        INNER JOIN `team` t ON u.t_id = t.team_id
        INNER JOIN `season` se ON i.se_id = se.season_id
         WHERE 
                u.nickname LIKE
                '%%'
            
            
            
                AND se.season_id=? 
        GROUP BY
        u.user_id
        ORDER BY
        rank
        DESC ) TOTAL 

### The error may exist in file [D:\A学习资料\Java\毕业设计\SCMS-main\SCMS-main\scms\target\classes\mapper\RankingMapper.xml]
### The error may involve defaultParameterMap
### The error occurred while setting parameters
### Cause: com.baomidou.mybatisplus.core.exceptions.MybatisPlusException: Error: Method queryTotal execution error of sql : 
 SELECT COUNT(1) FROM ( SELECT
        r.ranking_id,
        SUM( rank ) AS rank,
        r.edit_time,
        a.athlete_id,
        i.item_id,
        u.user_id,
        u.user_no,
        u.nickname,
        u.user_sex,
        t.team_id,
        t.team_name,
        se.season_id,
        se.season_name
        FROM
        ranking r
        INNER JOIN `athlete` a ON r.a_id = a.athlete_id
        INNER JOIN `item` i ON a.i_id = i.item_id
        INNER JOIN `user` u ON a.u_id = u.user_id
        INNER JOIN `team` t ON u.t_id = t.team_id
        INNER JOIN `season` se ON i.se_id = se.season_id
         WHERE 
                u.nickname LIKE
                '%%'
            
            
            
                AND se.season_id=? 
        GROUP BY
        u.user_id
        ORDER BY
        rank
        DESC ) TOTAL 
]
[31m2022-12-30 11:34:50[0;39m [32m[http-nio-8088-exec-10][0;39m [31mWARN [0;39m [1;35mo.s.w.s.m.m.a.ExceptionHandlerExceptionResolver[0;39m [logException,207]- Resolved [org.mybatis.spring.MyBatisSystemException: nested exception is org.apache.ibatis.exceptions.PersistenceException: 
### Error querying database.  Cause: com.baomidou.mybatisplus.core.exceptions.MybatisPlusException: Error: Method queryTotal execution error of sql : 
 SELECT COUNT(1) FROM ( SELECT
        r.ranking_id,
        SUM( rank ) AS rank,
        r.edit_time,
        a.athlete_id,
        i.item_id,
        u.user_id,
        u.user_no,
        u.nickname,
        u.user_sex,
        t.team_id,
        t.team_name,
        se.season_id,
        se.season_name
        FROM
        ranking r
        INNER JOIN `athlete` a ON r.a_id = a.athlete_id
        INNER JOIN `item` i ON a.i_id = i.item_id
        INNER JOIN `user` u ON a.u_id = u.user_id
        INNER JOIN `team` t ON u.t_id = t.team_id
        INNER JOIN `season` se ON i.se_id = se.season_id
         WHERE 
                u.nickname LIKE
                '%%'
            
            
            
                AND se.season_id=? 
        GROUP BY
        u.user_id
        ORDER BY
        rank
        DESC ) TOTAL 

### The error may exist in file [D:\A学习资料\Java\毕业设计\SCMS-main\SCMS-main\scms\target\classes\mapper\RankingMapper.xml]
### The error may involve defaultParameterMap
### The error occurred while setting parameters
### Cause: com.baomidou.mybatisplus.core.exceptions.MybatisPlusException: Error: Method queryTotal execution error of sql : 
 SELECT COUNT(1) FROM ( SELECT
        r.ranking_id,
        SUM( rank ) AS rank,
        r.edit_time,
        a.athlete_id,
        i.item_id,
        u.user_id,
        u.user_no,
        u.nickname,
        u.user_sex,
        t.team_id,
        t.team_name,
        se.season_id,
        se.season_name
        FROM
        ranking r
        INNER JOIN `athlete` a ON r.a_id = a.athlete_id
        INNER JOIN `item` i ON a.i_id = i.item_id
        INNER JOIN `user` u ON a.u_id = u.user_id
        INNER JOIN `team` t ON u.t_id = t.team_id
        INNER JOIN `season` se ON i.se_id = se.season_id
         WHERE 
                u.nickname LIKE
                '%%'
            
            
            
                AND se.season_id=? 
        GROUP BY
        u.user_id
        ORDER BY
        rank
        DESC ) TOTAL 
]
[31m2022-12-30 11:34:54[0;39m [32m[http-nio-8088-exec-3][0;39m [31mWARN [0;39m [1;35mo.s.w.s.m.m.a.ExceptionHandlerExceptionResolver[0;39m [logException,207]- Resolved [org.mybatis.spring.MyBatisSystemException: nested exception is org.apache.ibatis.exceptions.PersistenceException: 
### Error querying database.  Cause: com.baomidou.mybatisplus.core.exceptions.MybatisPlusException: Error: Method queryTotal execution error of sql : 
 SELECT COUNT(1) FROM ( SELECT
        r.ranking_id,
        SUM( rank ) AS rank,
        r.edit_time,
        a.athlete_id,
        i.item_id,
        u.user_id,
        t.team_id,
        t.team_name,
        se.season_id,
        se.season_name
        FROM
        ranking r
        INNER JOIN `athlete` a ON r.a_id = a.athlete_id
        INNER JOIN `item` i ON a.i_id = i.item_id
        INNER JOIN `user` u ON a.u_id = u.user_id
        INNER JOIN `team` t ON u.t_id = t.team_id
        INNER JOIN `season` se ON i.se_id = se.season_id
         WHERE  t.team_name LIKE
                '%%'
            
            
                AND se.season_id=? 
        GROUP BY
        u.t_id
        ORDER BY
        rank DESC ) TOTAL 

### The error may exist in file [D:\A学习资料\Java\毕业设计\SCMS-main\SCMS-main\scms\target\classes\mapper\RankingMapper.xml]
### The error may involve defaultParameterMap
### The error occurred while setting parameters
### Cause: com.baomidou.mybatisplus.core.exceptions.MybatisPlusException: Error: Method queryTotal execution error of sql : 
 SELECT COUNT(1) FROM ( SELECT
        r.ranking_id,
        SUM( rank ) AS rank,
        r.edit_time,
        a.athlete_id,
        i.item_id,
        u.user_id,
        t.team_id,
        t.team_name,
        se.season_id,
        se.season_name
        FROM
        ranking r
        INNER JOIN `athlete` a ON r.a_id = a.athlete_id
        INNER JOIN `item` i ON a.i_id = i.item_id
        INNER JOIN `user` u ON a.u_id = u.user_id
        INNER JOIN `team` t ON u.t_id = t.team_id
        INNER JOIN `season` se ON i.se_id = se.season_id
         WHERE  t.team_name LIKE
                '%%'
            
            
                AND se.season_id=? 
        GROUP BY
        u.t_id
        ORDER BY
        rank DESC ) TOTAL 
]
[31m2022-12-30 11:35:18[0;39m [32m[http-nio-8088-exec-8][0;39m [31mWARN [0;39m [1;35mo.s.w.s.m.m.a.ExceptionHandlerExceptionResolver[0;39m [logException,207]- Resolved [org.mybatis.spring.MyBatisSystemException: nested exception is org.apache.ibatis.exceptions.PersistenceException: 
### Error querying database.  Cause: com.baomidou.mybatisplus.core.exceptions.MybatisPlusException: Error: Method queryTotal execution error of sql : 
 SELECT COUNT(1) FROM ( SELECT
        r.ranking_id,
        SUM( rank ) AS rank,
        r.edit_time,
        a.athlete_id,
        i.item_id,
        u.user_id,
        u.user_no,
        u.nickname,
        u.user_sex,
        t.team_id,
        t.team_name,
        se.season_id,
        se.season_name
        FROM
        ranking r
        INNER JOIN `athlete` a ON r.a_id = a.athlete_id
        INNER JOIN `item` i ON a.i_id = i.item_id
        INNER JOIN `user` u ON a.u_id = u.user_id
        INNER JOIN `team` t ON u.t_id = t.team_id
        INNER JOIN `season` se ON i.se_id = se.season_id
         WHERE 
                u.nickname LIKE
                '%%'
            
            
            
                AND se.season_id=? 
        GROUP BY
        u.user_id
        ORDER BY
        rank
        DESC ) TOTAL 

### The error may exist in file [D:\A学习资料\Java\毕业设计\SCMS-main\SCMS-main\scms\target\classes\mapper\RankingMapper.xml]
### The error may involve defaultParameterMap
### The error occurred while setting parameters
### Cause: com.baomidou.mybatisplus.core.exceptions.MybatisPlusException: Error: Method queryTotal execution error of sql : 
 SELECT COUNT(1) FROM ( SELECT
        r.ranking_id,
        SUM( rank ) AS rank,
        r.edit_time,
        a.athlete_id,
        i.item_id,
        u.user_id,
        u.user_no,
        u.nickname,
        u.user_sex,
        t.team_id,
        t.team_name,
        se.season_id,
        se.season_name
        FROM
        ranking r
        INNER JOIN `athlete` a ON r.a_id = a.athlete_id
        INNER JOIN `item` i ON a.i_id = i.item_id
        INNER JOIN `user` u ON a.u_id = u.user_id
        INNER JOIN `team` t ON u.t_id = t.team_id
        INNER JOIN `season` se ON i.se_id = se.season_id
         WHERE 
                u.nickname LIKE
                '%%'
            
            
            
                AND se.season_id=? 
        GROUP BY
        u.user_id
        ORDER BY
        rank
        DESC ) TOTAL 
]
