[31m2023-02-19 13:21:27[0;39m [32m[restartedMain][0;39m [34mINFO [0;39m [1;35mcom.ashuo.scms.ScmsApplication[0;39m [logStarting,55]- Starting ScmsApplication using Java 1.8.0_341 on DESKTOP-P6L8B66 with PID 6776 (D:\A学习资料\Java\毕业设计\SCMS-main\SCMS-main\scms\target\classes started by chaowie in D:\A学习资料\Java\毕业设计\SCMS-main\SCMS-main\scms)
[31m2023-02-19 13:21:27[0;39m [32m[restartedMain][0;39m [34mINFO [0;39m [1;35mcom.ashuo.scms.ScmsApplication[0;39m [logStartupProfileInfo,659]- No active profile set, falling back to default profiles: default
[31m2023-02-19 13:21:27[0;39m [32m[restartedMain][0;39m [34mINFO [0;39m [1;35mo.s.b.d.e.DevToolsPropertyDefaultsPostProcessor[0;39m [logTo,255]- Devtools property defaults active! Set 'spring.devtools.add-properties' to 'false' to disable
[31m2023-02-19 13:21:27[0;39m [32m[restartedMain][0;39m [34mINFO [0;39m [1;35mo.s.b.d.e.DevToolsPropertyDefaultsPostProcessor[0;39m [logTo,255]- For additional web related logging consider setting the 'logging.level.web' property to 'DEBUG'
[31m2023-02-19 13:21:32[0;39m [32m[restartedMain][0;39m [34mINFO [0;39m [1;35mo.s.c.s.PostProcessorRegistrationDelegate$BeanPostProcessorChecker[0;39m [postProcessAfterInitialization,376]- Bean 'shiroConfig' of type [com.ashuo.scms.config.ShiroConfig$$EnhancerBySpringCGLIB$$4f441d69] is not eligible for getting processed by all BeanPostProcessors (for example: not eligible for auto-proxying)
[31m2023-02-19 13:21:32[0;39m [32m[restartedMain][0;39m [34mINFO [0;39m [1;35mo.s.c.s.PostProcessorRegistrationDelegate$BeanPostProcessorChecker[0;39m [postProcessAfterInitialization,376]- Bean 'mybatis-plus-com.baomidou.mybatisplus.autoconfigure.MybatisPlusProperties' of type [com.baomidou.mybatisplus.autoconfigure.MybatisPlusProperties] is not eligible for getting processed by all BeanPostProcessors (for example: not eligible for auto-proxying)
[31m2023-02-19 13:21:32[0;39m [32m[restartedMain][0;39m [34mINFO [0;39m [1;35mo.s.c.s.PostProcessorRegistrationDelegate$BeanPostProcessorChecker[0;39m [postProcessAfterInitialization,376]- Bean 'mybatisPlusConfig' of type [com.ashuo.scms.config.MybatisPlusConfig$$EnhancerBySpringCGLIB$$53fd8345] is not eligible for getting processed by all BeanPostProcessors (for example: not eligible for auto-proxying)
[31m2023-02-19 13:21:32[0;39m [32m[restartedMain][0;39m [34mINFO [0;39m [1;35mo.s.c.s.PostProcessorRegistrationDelegate$BeanPostProcessorChecker[0;39m [postProcessAfterInitialization,376]- Bean 'paginationInterceptor' of type [com.baomidou.mybatisplus.extension.plugins.PaginationInterceptor] is not eligible for getting processed by all BeanPostProcessors (for example: not eligible for auto-proxying)
[31m2023-02-19 13:21:32[0;39m [32m[restartedMain][0;39m [34mINFO [0;39m [1;35mo.s.c.s.PostProcessorRegistrationDelegate$BeanPostProcessorChecker[0;39m [postProcessAfterInitialization,376]- Bean 'com.baomidou.mybatisplus.autoconfigure.MybatisPlusAutoConfiguration' of type [com.baomidou.mybatisplus.autoconfigure.MybatisPlusAutoConfiguration$$EnhancerBySpringCGLIB$$2addab6a] is not eligible for getting processed by all BeanPostProcessors (for example: not eligible for auto-proxying)
[31m2023-02-19 13:21:32[0;39m [32m[restartedMain][0;39m [34mINFO [0;39m [1;35mo.s.c.s.PostProcessorRegistrationDelegate$BeanPostProcessorChecker[0;39m [postProcessAfterInitialization,376]- Bean 'com.alibaba.druid.spring.boot.autoconfigure.DruidDataSourceAutoConfigure' of type [com.alibaba.druid.spring.boot.autoconfigure.DruidDataSourceAutoConfigure$$EnhancerBySpringCGLIB$$6c13442] is not eligible for getting processed by all BeanPostProcessors (for example: not eligible for auto-proxying)
[31m2023-02-19 13:21:32[0;39m [32m[restartedMain][0;39m [34mINFO [0;39m [1;35mc.a.d.s.b.a.DruidDataSourceAutoConfigure[0;39m [dataSource,56]- Init DruidDataSource
[31m2023-02-19 13:21:32[0;39m [32m[restartedMain][0;39m [34mINFO [0;39m [1;35mo.s.c.s.PostProcessorRegistrationDelegate$BeanPostProcessorChecker[0;39m [postProcessAfterInitialization,376]- Bean 'spring.datasource-org.springframework.boot.autoconfigure.jdbc.DataSourceProperties' of type [org.springframework.boot.autoconfigure.jdbc.DataSourceProperties] is not eligible for getting processed by all BeanPostProcessors (for example: not eligible for auto-proxying)
[31m2023-02-19 13:21:33[0;39m [32m[restartedMain][0;39m [34mINFO [0;39m [1;35mc.alibaba.druid.pool.DruidDataSource[0;39m [init,985]- {dataSource-1} inited
[31m2023-02-19 13:21:33[0;39m [32m[restartedMain][0;39m [34mINFO [0;39m [1;35mo.s.c.s.PostProcessorRegistrationDelegate$BeanPostProcessorChecker[0;39m [postProcessAfterInitialization,376]- Bean 'dataSource' of type [com.alibaba.druid.spring.boot.autoconfigure.DruidDataSourceWrapper] is not eligible for getting processed by all BeanPostProcessors (for example: not eligible for auto-proxying)
[31m2023-02-19 13:21:33[0;39m [32m[restartedMain][0;39m [34mINFO [0;39m [1;35mo.s.c.s.PostProcessorRegistrationDelegate$BeanPostProcessorChecker[0;39m [postProcessAfterInitialization,376]- Bean 'sqlSessionFactory' of type [org.apache.ibatis.session.defaults.DefaultSqlSessionFactory] is not eligible for getting processed by all BeanPostProcessors (for example: not eligible for auto-proxying)
[31m2023-02-19 13:21:33[0;39m [32m[restartedMain][0;39m [34mINFO [0;39m [1;35mo.s.c.s.PostProcessorRegistrationDelegate$BeanPostProcessorChecker[0;39m [postProcessAfterInitialization,376]- Bean 'sqlSessionTemplate' of type [org.mybatis.spring.SqlSessionTemplate] is not eligible for getting processed by all BeanPostProcessors (for example: not eligible for auto-proxying)
[31m2023-02-19 13:21:33[0;39m [32m[restartedMain][0;39m [34mINFO [0;39m [1;35mo.s.c.s.PostProcessorRegistrationDelegate$BeanPostProcessorChecker[0;39m [postProcessAfterInitialization,376]- Bean 'userMapper' of type [org.mybatis.spring.mapper.MapperFactoryBean] is not eligible for getting processed by all BeanPostProcessors (for example: not eligible for auto-proxying)
[31m2023-02-19 13:21:33[0;39m [32m[restartedMain][0;39m [34mINFO [0;39m [1;35mo.s.c.s.PostProcessorRegistrationDelegate$BeanPostProcessorChecker[0;39m [postProcessAfterInitialization,376]- Bean 'userMapper' of type [com.sun.proxy.$Proxy89] is not eligible for getting processed by all BeanPostProcessors (for example: not eligible for auto-proxying)
[31m2023-02-19 13:21:33[0;39m [32m[restartedMain][0;39m [34mINFO [0;39m [1;35mo.s.c.s.PostProcessorRegistrationDelegate$BeanPostProcessorChecker[0;39m [postProcessAfterInitialization,376]- Bean 'userServiceImpl' of type [com.ashuo.scms.service.impl.UserServiceImpl] is not eligible for getting processed by all BeanPostProcessors (for example: not eligible for auto-proxying)
[31m2023-02-19 13:21:33[0;39m [32m[restartedMain][0;39m [34mINFO [0;39m [1;35mo.s.c.s.PostProcessorRegistrationDelegate$BeanPostProcessorChecker[0;39m [postProcessAfterInitialization,376]- Bean 'accountRealm' of type [com.ashuo.scms.shiro.AccountRealm] is not eligible for getting processed by all BeanPostProcessors (for example: not eligible for auto-proxying)
[31m2023-02-19 13:21:34[0;39m [32m[restartedMain][0;39m [34mINFO [0;39m [1;35mo.s.c.s.PostProcessorRegistrationDelegate$BeanPostProcessorChecker[0;39m [postProcessAfterInitialization,376]- Bean 'securityManager' of type [org.apache.shiro.web.mgt.DefaultWebSecurityManager] is not eligible for getting processed by all BeanPostProcessors (for example: not eligible for auto-proxying)
[31m2023-02-19 13:21:34[0;39m [32m[restartedMain][0;39m [34mINFO [0;39m [1;35mo.s.c.s.PostProcessorRegistrationDelegate$BeanPostProcessorChecker[0;39m [postProcessAfterInitialization,376]- Bean 'authorizationAttributeSourceAdvisor' of type [org.apache.shiro.spring.security.interceptor.AuthorizationAttributeSourceAdvisor] is not eligible for getting processed by all BeanPostProcessors (for example: not eligible for auto-proxying)
[31m2023-02-19 13:21:34[0;39m [32m[restartedMain][0;39m [34mINFO [0;39m [1;35mo.s.b.w.e.tomcat.TomcatWebServer[0;39m [initialize,108]- Tomcat initialized with port(s): 8088 (http)
[31m2023-02-19 13:21:34[0;39m [32m[restartedMain][0;39m [34mINFO [0;39m [1;35mo.a.coyote.http11.Http11NioProtocol[0;39m [log,173]- Initializing ProtocolHandler ["http-nio-8088"]
[31m2023-02-19 13:21:34[0;39m [32m[restartedMain][0;39m [34mINFO [0;39m [1;35mo.a.catalina.core.StandardService[0;39m [log,173]- Starting service [Tomcat]
[31m2023-02-19 13:21:34[0;39m [32m[restartedMain][0;39m [34mINFO [0;39m [1;35mo.a.catalina.core.StandardEngine[0;39m [log,173]- Starting Servlet engine: [Apache Tomcat/9.0.53]
[31m2023-02-19 13:21:34[0;39m [32m[restartedMain][0;39m [34mINFO [0;39m [1;35mo.a.c.c.C.[Tomcat].[localhost].[/][0;39m [log,173]- Initializing Spring embedded WebApplicationContext
[31m2023-02-19 13:21:34[0;39m [32m[restartedMain][0;39m [34mINFO [0;39m [1;35mo.s.b.w.s.c.ServletWebServerApplicationContext[0;39m [prepareWebApplicationContext,290]- Root WebApplicationContext: initialization completed in 6560 ms
[31m2023-02-19 13:21:35[0;39m [32m[restartedMain][0;39m [34mINFO [0;39m [1;35ms.d.s.w.PropertySourcedRequestMappingHandlerMapping[0;39m [initHandlerMethods,69]- Mapped URL path [/v2/api-docs] onto method [springfox.documentation.swagger2.web.Swagger2Controller#getDocumentation(String, HttpServletRequest)]
[31m2023-02-19 13:21:35[0;39m [32m[restartedMain][0;39m [34mINFO [0;39m [1;35mo.s.b.d.a.OptionalLiveReloadServer[0;39m [startServer,58]- LiveReload server is running on port 35729
[31m2023-02-19 13:21:36[0;39m [32m[restartedMain][0;39m [34mINFO [0;39m [1;35mo.s.b.a.s.s.UserDetailsServiceAutoConfiguration[0;39m [getOrDeducePassword,86]- 

Using generated security password: c88c0e09-d66d-4fea-8338-239b9576e01e

[31m2023-02-19 13:21:36[0;39m [32m[restartedMain][0;39m [34mINFO [0;39m [1;35mo.s.s.web.DefaultSecurityFilterChain[0;39m [<init>,51]- Will secure any request with [org.springframework.security.web.context.request.async.WebAsyncManagerIntegrationFilter@1d1cdb7e, org.springframework.security.web.context.SecurityContextPersistenceFilter@1fecf752, org.springframework.security.web.header.HeaderWriterFilter@a834a1d, org.springframework.web.filter.CorsFilter@333cbddf, org.springframework.security.web.authentication.logout.LogoutFilter@101fad19, org.springframework.security.web.savedrequest.RequestCacheAwareFilter@43e4de03, org.springframework.security.web.servletapi.SecurityContextHolderAwareRequestFilter@65b21bce, org.springframework.security.web.authentication.AnonymousAuthenticationFilter@2f42e479, org.springframework.security.web.session.SessionManagementFilter@7d3e89ca, org.springframework.security.web.access.ExceptionTranslationFilter@6c5fb90a, org.springframework.security.web.access.intercept.FilterSecurityInterceptor@204d8593]
[31m2023-02-19 13:21:36[0;39m [32m[restartedMain][0;39m [34mINFO [0;39m [1;35mo.a.coyote.http11.Http11NioProtocol[0;39m [log,173]- Starting ProtocolHandler ["http-nio-8088"]
[31m2023-02-19 13:21:36[0;39m [32m[restartedMain][0;39m [34mINFO [0;39m [1;35mo.s.b.w.e.tomcat.TomcatWebServer[0;39m [start,220]- Tomcat started on port(s): 8088 (http) with context path ''
[31m2023-02-19 13:21:36[0;39m [32m[restartedMain][0;39m [34mINFO [0;39m [1;35ms.d.s.w.p.DocumentationPluginsBootstrapper[0;39m [start,160]- Context refreshed
[31m2023-02-19 13:21:36[0;39m [32m[restartedMain][0;39m [34mINFO [0;39m [1;35ms.d.s.w.p.DocumentationPluginsBootstrapper[0;39m [start,163]- Found 1 custom documentation plugin(s)
[31m2023-02-19 13:21:36[0;39m [32m[restartedMain][0;39m [34mINFO [0;39m [1;35ms.d.s.w.s.ApiListingReferenceScanner[0;39m [scan,41]- Scanning for api listing references
[31m2023-02-19 13:21:37[0;39m [32m[restartedMain][0;39m [34mINFO [0;39m [1;35ms.d.s.w.r.o.CachingOperationNameGenerator[0;39m [startingWith,40]- Generating unique operation named: queryItemUsingGET_1
[31m2023-02-19 13:21:37[0;39m [32m[restartedMain][0;39m [34mINFO [0;39m [1;35mcom.ashuo.scms.ScmsApplication[0;39m [logStarted,61]- Started ScmsApplication in 9.827 seconds (JVM running for 11.275)
[31m2023-02-19 13:25:17[0;39m [32m[http-nio-8088-exec-1][0;39m [34mINFO [0;39m [1;35mo.a.c.c.C.[Tomcat].[localhost].[/][0;39m [log,173]- Initializing Spring DispatcherServlet 'dispatcherServlet'
[31m2023-02-19 13:25:17[0;39m [32m[http-nio-8088-exec-1][0;39m [34mINFO [0;39m [1;35mo.s.web.servlet.DispatcherServlet[0;39m [initServletBean,525]- Initializing Servlet 'dispatcherServlet'
[31m2023-02-19 13:25:17[0;39m [32m[http-nio-8088-exec-1][0;39m [34mINFO [0;39m [1;35mo.s.web.servlet.DispatcherServlet[0;39m [initServletBean,547]- Completed initialization in 1 ms
[31m2023-02-19 13:28:59[0;39m [32m[restartedMain][0;39m [34mINFO [0;39m [1;35mcom.ashuo.scms.ScmsApplication[0;39m [logStarting,55]- Starting ScmsApplication using Java 1.8.0_341 on DESKTOP-P6L8B66 with PID 13128 (D:\A学习资料\Java\毕业设计\SCMS-main\SCMS-main\scms\target\classes started by chaowie in D:\A学习资料\Java\毕业设计\SCMS-main\SCMS-main\scms)
[31m2023-02-19 13:28:59[0;39m [32m[restartedMain][0;39m [34mINFO [0;39m [1;35mcom.ashuo.scms.ScmsApplication[0;39m [logStartupProfileInfo,659]- No active profile set, falling back to default profiles: default
[31m2023-02-19 13:28:59[0;39m [32m[restartedMain][0;39m [34mINFO [0;39m [1;35mo.s.b.d.e.DevToolsPropertyDefaultsPostProcessor[0;39m [logTo,255]- Devtools property defaults active! Set 'spring.devtools.add-properties' to 'false' to disable
[31m2023-02-19 13:28:59[0;39m [32m[restartedMain][0;39m [34mINFO [0;39m [1;35mo.s.b.d.e.DevToolsPropertyDefaultsPostProcessor[0;39m [logTo,255]- For additional web related logging consider setting the 'logging.level.web' property to 'DEBUG'
[31m2023-02-19 13:29:00[0;39m [32m[restartedMain][0;39m [34mINFO [0;39m [1;35mo.s.c.s.PostProcessorRegistrationDelegate$BeanPostProcessorChecker[0;39m [postProcessAfterInitialization,376]- Bean 'shiroConfig' of type [com.ashuo.scms.config.ShiroConfig$$EnhancerBySpringCGLIB$$f26ae83d] is not eligible for getting processed by all BeanPostProcessors (for example: not eligible for auto-proxying)
[31m2023-02-19 13:29:00[0;39m [32m[restartedMain][0;39m [34mINFO [0;39m [1;35mo.s.c.s.PostProcessorRegistrationDelegate$BeanPostProcessorChecker[0;39m [postProcessAfterInitialization,376]- Bean 'mybatis-plus-com.baomidou.mybatisplus.autoconfigure.MybatisPlusProperties' of type [com.baomidou.mybatisplus.autoconfigure.MybatisPlusProperties] is not eligible for getting processed by all BeanPostProcessors (for example: not eligible for auto-proxying)
[31m2023-02-19 13:29:00[0;39m [32m[restartedMain][0;39m [34mINFO [0;39m [1;35mo.s.c.s.PostProcessorRegistrationDelegate$BeanPostProcessorChecker[0;39m [postProcessAfterInitialization,376]- Bean 'mybatisPlusConfig' of type [com.ashuo.scms.config.MybatisPlusConfig$$EnhancerBySpringCGLIB$$f7244e19] is not eligible for getting processed by all BeanPostProcessors (for example: not eligible for auto-proxying)
[31m2023-02-19 13:29:00[0;39m [32m[restartedMain][0;39m [34mINFO [0;39m [1;35mo.s.c.s.PostProcessorRegistrationDelegate$BeanPostProcessorChecker[0;39m [postProcessAfterInitialization,376]- Bean 'paginationInterceptor' of type [com.baomidou.mybatisplus.extension.plugins.PaginationInterceptor] is not eligible for getting processed by all BeanPostProcessors (for example: not eligible for auto-proxying)
[31m2023-02-19 13:29:00[0;39m [32m[restartedMain][0;39m [34mINFO [0;39m [1;35mo.s.c.s.PostProcessorRegistrationDelegate$BeanPostProcessorChecker[0;39m [postProcessAfterInitialization,376]- Bean 'com.baomidou.mybatisplus.autoconfigure.MybatisPlusAutoConfiguration' of type [com.baomidou.mybatisplus.autoconfigure.MybatisPlusAutoConfiguration$$EnhancerBySpringCGLIB$$ce04763e] is not eligible for getting processed by all BeanPostProcessors (for example: not eligible for auto-proxying)
[31m2023-02-19 13:29:00[0;39m [32m[restartedMain][0;39m [34mINFO [0;39m [1;35mo.s.c.s.PostProcessorRegistrationDelegate$BeanPostProcessorChecker[0;39m [postProcessAfterInitialization,376]- Bean 'com.alibaba.druid.spring.boot.autoconfigure.DruidDataSourceAutoConfigure' of type [com.alibaba.druid.spring.boot.autoconfigure.DruidDataSourceAutoConfigure$$EnhancerBySpringCGLIB$$a9e7ff16] is not eligible for getting processed by all BeanPostProcessors (for example: not eligible for auto-proxying)
[31m2023-02-19 13:29:00[0;39m [32m[restartedMain][0;39m [34mINFO [0;39m [1;35mc.a.d.s.b.a.DruidDataSourceAutoConfigure[0;39m [dataSource,56]- Init DruidDataSource
[31m2023-02-19 13:29:00[0;39m [32m[restartedMain][0;39m [34mINFO [0;39m [1;35mo.s.c.s.PostProcessorRegistrationDelegate$BeanPostProcessorChecker[0;39m [postProcessAfterInitialization,376]- Bean 'spring.datasource-org.springframework.boot.autoconfigure.jdbc.DataSourceProperties' of type [org.springframework.boot.autoconfigure.jdbc.DataSourceProperties] is not eligible for getting processed by all BeanPostProcessors (for example: not eligible for auto-proxying)
[31m2023-02-19 13:29:01[0;39m [32m[restartedMain][0;39m [34mINFO [0;39m [1;35mc.alibaba.druid.pool.DruidDataSource[0;39m [init,985]- {dataSource-1} inited
[31m2023-02-19 13:29:01[0;39m [32m[restartedMain][0;39m [34mINFO [0;39m [1;35mo.s.c.s.PostProcessorRegistrationDelegate$BeanPostProcessorChecker[0;39m [postProcessAfterInitialization,376]- Bean 'dataSource' of type [com.alibaba.druid.spring.boot.autoconfigure.DruidDataSourceWrapper] is not eligible for getting processed by all BeanPostProcessors (for example: not eligible for auto-proxying)
[31m2023-02-19 13:29:01[0;39m [32m[restartedMain][0;39m [34mINFO [0;39m [1;35mo.s.c.s.PostProcessorRegistrationDelegate$BeanPostProcessorChecker[0;39m [postProcessAfterInitialization,376]- Bean 'sqlSessionFactory' of type [org.apache.ibatis.session.defaults.DefaultSqlSessionFactory] is not eligible for getting processed by all BeanPostProcessors (for example: not eligible for auto-proxying)
[31m2023-02-19 13:29:01[0;39m [32m[restartedMain][0;39m [34mINFO [0;39m [1;35mo.s.c.s.PostProcessorRegistrationDelegate$BeanPostProcessorChecker[0;39m [postProcessAfterInitialization,376]- Bean 'sqlSessionTemplate' of type [org.mybatis.spring.SqlSessionTemplate] is not eligible for getting processed by all BeanPostProcessors (for example: not eligible for auto-proxying)
[31m2023-02-19 13:29:01[0;39m [32m[restartedMain][0;39m [34mINFO [0;39m [1;35mo.s.c.s.PostProcessorRegistrationDelegate$BeanPostProcessorChecker[0;39m [postProcessAfterInitialization,376]- Bean 'userMapper' of type [org.mybatis.spring.mapper.MapperFactoryBean] is not eligible for getting processed by all BeanPostProcessors (for example: not eligible for auto-proxying)
[31m2023-02-19 13:29:01[0;39m [32m[restartedMain][0;39m [34mINFO [0;39m [1;35mo.s.c.s.PostProcessorRegistrationDelegate$BeanPostProcessorChecker[0;39m [postProcessAfterInitialization,376]- Bean 'userMapper' of type [com.sun.proxy.$Proxy89] is not eligible for getting processed by all BeanPostProcessors (for example: not eligible for auto-proxying)
[31m2023-02-19 13:29:01[0;39m [32m[restartedMain][0;39m [34mINFO [0;39m [1;35mo.s.c.s.PostProcessorRegistrationDelegate$BeanPostProcessorChecker[0;39m [postProcessAfterInitialization,376]- Bean 'userServiceImpl' of type [com.ashuo.scms.service.impl.UserServiceImpl] is not eligible for getting processed by all BeanPostProcessors (for example: not eligible for auto-proxying)
[31m2023-02-19 13:29:01[0;39m [32m[restartedMain][0;39m [34mINFO [0;39m [1;35mo.s.c.s.PostProcessorRegistrationDelegate$BeanPostProcessorChecker[0;39m [postProcessAfterInitialization,376]- Bean 'accountRealm' of type [com.ashuo.scms.shiro.AccountRealm] is not eligible for getting processed by all BeanPostProcessors (for example: not eligible for auto-proxying)
[31m2023-02-19 13:29:01[0;39m [32m[restartedMain][0;39m [34mINFO [0;39m [1;35mo.s.c.s.PostProcessorRegistrationDelegate$BeanPostProcessorChecker[0;39m [postProcessAfterInitialization,376]- Bean 'securityManager' of type [org.apache.shiro.web.mgt.DefaultWebSecurityManager] is not eligible for getting processed by all BeanPostProcessors (for example: not eligible for auto-proxying)
[31m2023-02-19 13:29:01[0;39m [32m[restartedMain][0;39m [34mINFO [0;39m [1;35mo.s.c.s.PostProcessorRegistrationDelegate$BeanPostProcessorChecker[0;39m [postProcessAfterInitialization,376]- Bean 'authorizationAttributeSourceAdvisor' of type [org.apache.shiro.spring.security.interceptor.AuthorizationAttributeSourceAdvisor] is not eligible for getting processed by all BeanPostProcessors (for example: not eligible for auto-proxying)
[31m2023-02-19 13:29:02[0;39m [32m[restartedMain][0;39m [34mINFO [0;39m [1;35mo.s.b.w.e.tomcat.TomcatWebServer[0;39m [initialize,108]- Tomcat initialized with port(s): 8088 (http)
[31m2023-02-19 13:29:02[0;39m [32m[restartedMain][0;39m [34mINFO [0;39m [1;35mo.a.coyote.http11.Http11NioProtocol[0;39m [log,173]- Initializing ProtocolHandler ["http-nio-8088"]
[31m2023-02-19 13:29:02[0;39m [32m[restartedMain][0;39m [34mINFO [0;39m [1;35mo.a.catalina.core.StandardService[0;39m [log,173]- Starting service [Tomcat]
[31m2023-02-19 13:29:02[0;39m [32m[restartedMain][0;39m [34mINFO [0;39m [1;35mo.a.catalina.core.StandardEngine[0;39m [log,173]- Starting Servlet engine: [Apache Tomcat/9.0.53]
[31m2023-02-19 13:29:02[0;39m [32m[restartedMain][0;39m [34mINFO [0;39m [1;35mo.a.c.c.C.[Tomcat].[localhost].[/][0;39m [log,173]- Initializing Spring embedded WebApplicationContext
[31m2023-02-19 13:29:02[0;39m [32m[restartedMain][0;39m [34mINFO [0;39m [1;35mo.s.b.w.s.c.ServletWebServerApplicationContext[0;39m [prepareWebApplicationContext,290]- Root WebApplicationContext: initialization completed in 3190 ms
[31m2023-02-19 13:29:03[0;39m [32m[restartedMain][0;39m [34mINFO [0;39m [1;35ms.d.s.w.PropertySourcedRequestMappingHandlerMapping[0;39m [initHandlerMethods,69]- Mapped URL path [/v2/api-docs] onto method [springfox.documentation.swagger2.web.Swagger2Controller#getDocumentation(String, HttpServletRequest)]
[31m2023-02-19 13:29:03[0;39m [32m[restartedMain][0;39m [34mINFO [0;39m [1;35mo.s.b.d.a.OptionalLiveReloadServer[0;39m [startServer,58]- LiveReload server is running on port 35729
[31m2023-02-19 13:29:03[0;39m [32m[restartedMain][0;39m [34mINFO [0;39m [1;35mo.s.b.a.s.s.UserDetailsServiceAutoConfiguration[0;39m [getOrDeducePassword,86]- 

Using generated security password: 1362db1c-d47f-4b07-8c6b-e3a05e95a77d

[31m2023-02-19 13:29:03[0;39m [32m[restartedMain][0;39m [34mINFO [0;39m [1;35mo.s.s.web.DefaultSecurityFilterChain[0;39m [<init>,51]- Will secure any request with [org.springframework.security.web.context.request.async.WebAsyncManagerIntegrationFilter@7644c1b8, org.springframework.security.web.context.SecurityContextPersistenceFilter@5540112d, org.springframework.security.web.header.HeaderWriterFilter@358839bb, org.springframework.web.filter.CorsFilter@6e941c34, org.springframework.security.web.authentication.logout.LogoutFilter@4df991ec, org.springframework.security.web.savedrequest.RequestCacheAwareFilter@39f1bff4, org.springframework.security.web.servletapi.SecurityContextHolderAwareRequestFilter@6e352036, org.springframework.security.web.authentication.AnonymousAuthenticationFilter@31c1aca3, org.springframework.security.web.session.SessionManagementFilter@4bf51727, org.springframework.security.web.access.ExceptionTranslationFilter@fe399b5, org.springframework.security.web.access.intercept.FilterSecurityInterceptor@239fd0c]
[31m2023-02-19 13:29:03[0;39m [32m[restartedMain][0;39m [34mINFO [0;39m [1;35mo.a.coyote.http11.Http11NioProtocol[0;39m [log,173]- Starting ProtocolHandler ["http-nio-8088"]
[31m2023-02-19 13:29:03[0;39m [32m[restartedMain][0;39m [34mINFO [0;39m [1;35mo.s.b.w.e.tomcat.TomcatWebServer[0;39m [start,220]- Tomcat started on port(s): 8088 (http) with context path ''
[31m2023-02-19 13:29:03[0;39m [32m[restartedMain][0;39m [34mINFO [0;39m [1;35ms.d.s.w.p.DocumentationPluginsBootstrapper[0;39m [start,160]- Context refreshed
[31m2023-02-19 13:29:04[0;39m [32m[restartedMain][0;39m [34mINFO [0;39m [1;35ms.d.s.w.p.DocumentationPluginsBootstrapper[0;39m [start,163]- Found 1 custom documentation plugin(s)
[31m2023-02-19 13:29:04[0;39m [32m[restartedMain][0;39m [34mINFO [0;39m [1;35ms.d.s.w.s.ApiListingReferenceScanner[0;39m [scan,41]- Scanning for api listing references
[31m2023-02-19 13:29:04[0;39m [32m[restartedMain][0;39m [34mINFO [0;39m [1;35ms.d.s.w.r.o.CachingOperationNameGenerator[0;39m [startingWith,40]- Generating unique operation named: queryItemUsingGET_1
[31m2023-02-19 13:29:04[0;39m [32m[restartedMain][0;39m [34mINFO [0;39m [1;35mcom.ashuo.scms.ScmsApplication[0;39m [logStarted,61]- Started ScmsApplication in 5.479 seconds (JVM running for 7.397)
[31m2023-02-19 13:29:08[0;39m [32m[http-nio-8088-exec-2][0;39m [34mINFO [0;39m [1;35mo.a.c.c.C.[Tomcat].[localhost].[/][0;39m [log,173]- Initializing Spring DispatcherServlet 'dispatcherServlet'
[31m2023-02-19 13:29:08[0;39m [32m[http-nio-8088-exec-2][0;39m [34mINFO [0;39m [1;35mo.s.web.servlet.DispatcherServlet[0;39m [initServletBean,525]- Initializing Servlet 'dispatcherServlet'
[31m2023-02-19 13:29:08[0;39m [32m[http-nio-8088-exec-2][0;39m [34mINFO [0;39m [1;35mo.s.web.servlet.DispatcherServlet[0;39m [initServletBean,547]- Completed initialization in 2 ms
[31m2023-02-19 13:31:13[0;39m [32m[restartedMain][0;39m [34mINFO [0;39m [1;35mcom.ashuo.scms.ScmsApplication[0;39m [logStarting,55]- Starting ScmsApplication using Java 1.8.0_341 on DESKTOP-P6L8B66 with PID 9788 (D:\A学习资料\Java\毕业设计\SCMS-main\SCMS-main\scms\target\classes started by chaowie in D:\A学习资料\Java\毕业设计\SCMS-main\SCMS-main\scms)
[31m2023-02-19 13:31:13[0;39m [32m[restartedMain][0;39m [34mINFO [0;39m [1;35mcom.ashuo.scms.ScmsApplication[0;39m [logStartupProfileInfo,659]- No active profile set, falling back to default profiles: default
[31m2023-02-19 13:31:13[0;39m [32m[restartedMain][0;39m [34mINFO [0;39m [1;35mo.s.b.d.e.DevToolsPropertyDefaultsPostProcessor[0;39m [logTo,255]- Devtools property defaults active! Set 'spring.devtools.add-properties' to 'false' to disable
[31m2023-02-19 13:31:13[0;39m [32m[restartedMain][0;39m [34mINFO [0;39m [1;35mo.s.b.d.e.DevToolsPropertyDefaultsPostProcessor[0;39m [logTo,255]- For additional web related logging consider setting the 'logging.level.web' property to 'DEBUG'
[31m2023-02-19 13:31:14[0;39m [32m[restartedMain][0;39m [34mINFO [0;39m [1;35mo.s.c.s.PostProcessorRegistrationDelegate$BeanPostProcessorChecker[0;39m [postProcessAfterInitialization,376]- Bean 'shiroConfig' of type [com.ashuo.scms.config.ShiroConfig$$EnhancerBySpringCGLIB$$efaa2037] is not eligible for getting processed by all BeanPostProcessors (for example: not eligible for auto-proxying)
[31m2023-02-19 13:31:14[0;39m [32m[restartedMain][0;39m [34mINFO [0;39m [1;35mo.s.c.s.PostProcessorRegistrationDelegate$BeanPostProcessorChecker[0;39m [postProcessAfterInitialization,376]- Bean 'mybatis-plus-com.baomidou.mybatisplus.autoconfigure.MybatisPlusProperties' of type [com.baomidou.mybatisplus.autoconfigure.MybatisPlusProperties] is not eligible for getting processed by all BeanPostProcessors (for example: not eligible for auto-proxying)
[31m2023-02-19 13:31:14[0;39m [32m[restartedMain][0;39m [34mINFO [0;39m [1;35mo.s.c.s.PostProcessorRegistrationDelegate$BeanPostProcessorChecker[0;39m [postProcessAfterInitialization,376]- Bean 'mybatisPlusConfig' of type [com.ashuo.scms.config.MybatisPlusConfig$$EnhancerBySpringCGLIB$$f4638613] is not eligible for getting processed by all BeanPostProcessors (for example: not eligible for auto-proxying)
[31m2023-02-19 13:31:14[0;39m [32m[restartedMain][0;39m [34mINFO [0;39m [1;35mo.s.c.s.PostProcessorRegistrationDelegate$BeanPostProcessorChecker[0;39m [postProcessAfterInitialization,376]- Bean 'paginationInterceptor' of type [com.baomidou.mybatisplus.extension.plugins.PaginationInterceptor] is not eligible for getting processed by all BeanPostProcessors (for example: not eligible for auto-proxying)
[31m2023-02-19 13:31:14[0;39m [32m[restartedMain][0;39m [34mINFO [0;39m [1;35mo.s.c.s.PostProcessorRegistrationDelegate$BeanPostProcessorChecker[0;39m [postProcessAfterInitialization,376]- Bean 'com.baomidou.mybatisplus.autoconfigure.MybatisPlusAutoConfiguration' of type [com.baomidou.mybatisplus.autoconfigure.MybatisPlusAutoConfiguration$$EnhancerBySpringCGLIB$$cb43ae38] is not eligible for getting processed by all BeanPostProcessors (for example: not eligible for auto-proxying)
[31m2023-02-19 13:31:14[0;39m [32m[restartedMain][0;39m [34mINFO [0;39m [1;35mo.s.c.s.PostProcessorRegistrationDelegate$BeanPostProcessorChecker[0;39m [postProcessAfterInitialization,376]- Bean 'com.alibaba.druid.spring.boot.autoconfigure.DruidDataSourceAutoConfigure' of type [com.alibaba.druid.spring.boot.autoconfigure.DruidDataSourceAutoConfigure$$EnhancerBySpringCGLIB$$a7273710] is not eligible for getting processed by all BeanPostProcessors (for example: not eligible for auto-proxying)
[31m2023-02-19 13:31:14[0;39m [32m[restartedMain][0;39m [34mINFO [0;39m [1;35mc.a.d.s.b.a.DruidDataSourceAutoConfigure[0;39m [dataSource,56]- Init DruidDataSource
[31m2023-02-19 13:31:14[0;39m [32m[restartedMain][0;39m [34mINFO [0;39m [1;35mo.s.c.s.PostProcessorRegistrationDelegate$BeanPostProcessorChecker[0;39m [postProcessAfterInitialization,376]- Bean 'spring.datasource-org.springframework.boot.autoconfigure.jdbc.DataSourceProperties' of type [org.springframework.boot.autoconfigure.jdbc.DataSourceProperties] is not eligible for getting processed by all BeanPostProcessors (for example: not eligible for auto-proxying)
[31m2023-02-19 13:31:15[0;39m [32m[restartedMain][0;39m [34mINFO [0;39m [1;35mc.alibaba.druid.pool.DruidDataSource[0;39m [init,985]- {dataSource-1} inited
[31m2023-02-19 13:31:15[0;39m [32m[restartedMain][0;39m [34mINFO [0;39m [1;35mo.s.c.s.PostProcessorRegistrationDelegate$BeanPostProcessorChecker[0;39m [postProcessAfterInitialization,376]- Bean 'dataSource' of type [com.alibaba.druid.spring.boot.autoconfigure.DruidDataSourceWrapper] is not eligible for getting processed by all BeanPostProcessors (for example: not eligible for auto-proxying)
[31m2023-02-19 13:31:15[0;39m [32m[restartedMain][0;39m [34mINFO [0;39m [1;35mo.s.c.s.PostProcessorRegistrationDelegate$BeanPostProcessorChecker[0;39m [postProcessAfterInitialization,376]- Bean 'sqlSessionFactory' of type [org.apache.ibatis.session.defaults.DefaultSqlSessionFactory] is not eligible for getting processed by all BeanPostProcessors (for example: not eligible for auto-proxying)
[31m2023-02-19 13:31:15[0;39m [32m[restartedMain][0;39m [34mINFO [0;39m [1;35mo.s.c.s.PostProcessorRegistrationDelegate$BeanPostProcessorChecker[0;39m [postProcessAfterInitialization,376]- Bean 'sqlSessionTemplate' of type [org.mybatis.spring.SqlSessionTemplate] is not eligible for getting processed by all BeanPostProcessors (for example: not eligible for auto-proxying)
[31m2023-02-19 13:31:15[0;39m [32m[restartedMain][0;39m [34mINFO [0;39m [1;35mo.s.c.s.PostProcessorRegistrationDelegate$BeanPostProcessorChecker[0;39m [postProcessAfterInitialization,376]- Bean 'userMapper' of type [org.mybatis.spring.mapper.MapperFactoryBean] is not eligible for getting processed by all BeanPostProcessors (for example: not eligible for auto-proxying)
[31m2023-02-19 13:31:15[0;39m [32m[restartedMain][0;39m [34mINFO [0;39m [1;35mo.s.c.s.PostProcessorRegistrationDelegate$BeanPostProcessorChecker[0;39m [postProcessAfterInitialization,376]- Bean 'userMapper' of type [com.sun.proxy.$Proxy89] is not eligible for getting processed by all BeanPostProcessors (for example: not eligible for auto-proxying)
[31m2023-02-19 13:31:15[0;39m [32m[restartedMain][0;39m [34mINFO [0;39m [1;35mo.s.c.s.PostProcessorRegistrationDelegate$BeanPostProcessorChecker[0;39m [postProcessAfterInitialization,376]- Bean 'userServiceImpl' of type [com.ashuo.scms.service.impl.UserServiceImpl] is not eligible for getting processed by all BeanPostProcessors (for example: not eligible for auto-proxying)
[31m2023-02-19 13:31:15[0;39m [32m[restartedMain][0;39m [34mINFO [0;39m [1;35mo.s.c.s.PostProcessorRegistrationDelegate$BeanPostProcessorChecker[0;39m [postProcessAfterInitialization,376]- Bean 'accountRealm' of type [com.ashuo.scms.shiro.AccountRealm] is not eligible for getting processed by all BeanPostProcessors (for example: not eligible for auto-proxying)
[31m2023-02-19 13:31:15[0;39m [32m[restartedMain][0;39m [34mINFO [0;39m [1;35mo.s.c.s.PostProcessorRegistrationDelegate$BeanPostProcessorChecker[0;39m [postProcessAfterInitialization,376]- Bean 'securityManager' of type [org.apache.shiro.web.mgt.DefaultWebSecurityManager] is not eligible for getting processed by all BeanPostProcessors (for example: not eligible for auto-proxying)
[31m2023-02-19 13:31:15[0;39m [32m[restartedMain][0;39m [34mINFO [0;39m [1;35mo.s.c.s.PostProcessorRegistrationDelegate$BeanPostProcessorChecker[0;39m [postProcessAfterInitialization,376]- Bean 'authorizationAttributeSourceAdvisor' of type [org.apache.shiro.spring.security.interceptor.AuthorizationAttributeSourceAdvisor] is not eligible for getting processed by all BeanPostProcessors (for example: not eligible for auto-proxying)
[31m2023-02-19 13:31:16[0;39m [32m[restartedMain][0;39m [34mINFO [0;39m [1;35mo.s.b.w.e.tomcat.TomcatWebServer[0;39m [initialize,108]- Tomcat initialized with port(s): 8088 (http)
[31m2023-02-19 13:31:16[0;39m [32m[restartedMain][0;39m [34mINFO [0;39m [1;35mo.a.coyote.http11.Http11NioProtocol[0;39m [log,173]- Initializing ProtocolHandler ["http-nio-8088"]
[31m2023-02-19 13:31:16[0;39m [32m[restartedMain][0;39m [34mINFO [0;39m [1;35mo.a.catalina.core.StandardService[0;39m [log,173]- Starting service [Tomcat]
[31m2023-02-19 13:31:16[0;39m [32m[restartedMain][0;39m [34mINFO [0;39m [1;35mo.a.catalina.core.StandardEngine[0;39m [log,173]- Starting Servlet engine: [Apache Tomcat/9.0.53]
[31m2023-02-19 13:31:16[0;39m [32m[restartedMain][0;39m [34mINFO [0;39m [1;35mo.a.c.c.C.[Tomcat].[localhost].[/][0;39m [log,173]- Initializing Spring embedded WebApplicationContext
[31m2023-02-19 13:31:16[0;39m [32m[restartedMain][0;39m [34mINFO [0;39m [1;35mo.s.b.w.s.c.ServletWebServerApplicationContext[0;39m [prepareWebApplicationContext,290]- Root WebApplicationContext: initialization completed in 2792 ms
[31m2023-02-19 13:31:17[0;39m [32m[restartedMain][0;39m [34mINFO [0;39m [1;35ms.d.s.w.PropertySourcedRequestMappingHandlerMapping[0;39m [initHandlerMethods,69]- Mapped URL path [/v2/api-docs] onto method [springfox.documentation.swagger2.web.Swagger2Controller#getDocumentation(String, HttpServletRequest)]
[31m2023-02-19 13:31:17[0;39m [32m[restartedMain][0;39m [34mINFO [0;39m [1;35mo.s.b.d.a.OptionalLiveReloadServer[0;39m [startServer,58]- LiveReload server is running on port 35729
[31m2023-02-19 13:31:17[0;39m [32m[restartedMain][0;39m [34mINFO [0;39m [1;35mo.s.b.a.s.s.UserDetailsServiceAutoConfiguration[0;39m [getOrDeducePassword,86]- 

Using generated security password: 4522d8a0-2a9a-43ec-b8bb-95d7f06db507

[31m2023-02-19 13:31:17[0;39m [32m[restartedMain][0;39m [34mINFO [0;39m [1;35mo.s.s.web.DefaultSecurityFilterChain[0;39m [<init>,51]- Will secure any request with [org.springframework.security.web.context.request.async.WebAsyncManagerIntegrationFilter@42768001, org.springframework.security.web.context.SecurityContextPersistenceFilter@15b0c54b, org.springframework.security.web.header.HeaderWriterFilter@6d2dba84, org.springframework.web.filter.CorsFilter@1c0774ae, org.springframework.security.web.authentication.logout.LogoutFilter@4ac910ad, org.springframework.security.web.savedrequest.RequestCacheAwareFilter@763f4ebe, org.springframework.security.web.servletapi.SecurityContextHolderAwareRequestFilter@23c43d5f, org.springframework.security.web.authentication.AnonymousAuthenticationFilter@7222f32, org.springframework.security.web.session.SessionManagementFilter@64323803, org.springframework.security.web.access.ExceptionTranslationFilter@18280648, org.springframework.security.web.access.intercept.FilterSecurityInterceptor@845e620]
[31m2023-02-19 13:31:18[0;39m [32m[restartedMain][0;39m [34mINFO [0;39m [1;35mo.a.coyote.http11.Http11NioProtocol[0;39m [log,173]- Starting ProtocolHandler ["http-nio-8088"]
[31m2023-02-19 13:31:18[0;39m [32m[restartedMain][0;39m [34mINFO [0;39m [1;35mo.s.b.w.e.tomcat.TomcatWebServer[0;39m [start,220]- Tomcat started on port(s): 8088 (http) with context path ''
[31m2023-02-19 13:31:18[0;39m [32m[restartedMain][0;39m [34mINFO [0;39m [1;35ms.d.s.w.p.DocumentationPluginsBootstrapper[0;39m [start,160]- Context refreshed
[31m2023-02-19 13:31:18[0;39m [32m[restartedMain][0;39m [34mINFO [0;39m [1;35ms.d.s.w.p.DocumentationPluginsBootstrapper[0;39m [start,163]- Found 1 custom documentation plugin(s)
[31m2023-02-19 13:31:18[0;39m [32m[restartedMain][0;39m [34mINFO [0;39m [1;35ms.d.s.w.s.ApiListingReferenceScanner[0;39m [scan,41]- Scanning for api listing references
[31m2023-02-19 13:31:18[0;39m [32m[restartedMain][0;39m [34mINFO [0;39m [1;35ms.d.s.w.r.o.CachingOperationNameGenerator[0;39m [startingWith,40]- Generating unique operation named: queryItemUsingGET_1
[31m2023-02-19 13:31:18[0;39m [32m[restartedMain][0;39m [34mINFO [0;39m [1;35mcom.ashuo.scms.ScmsApplication[0;39m [logStarted,61]- Started ScmsApplication in 5.485 seconds (JVM running for 7.191)
[31m2023-02-19 13:31:35[0;39m [32m[http-nio-8088-exec-1][0;39m [34mINFO [0;39m [1;35mo.a.c.c.C.[Tomcat].[localhost].[/][0;39m [log,173]- Initializing Spring DispatcherServlet 'dispatcherServlet'
[31m2023-02-19 13:31:35[0;39m [32m[http-nio-8088-exec-1][0;39m [34mINFO [0;39m [1;35mo.s.web.servlet.DispatcherServlet[0;39m [initServletBean,525]- Initializing Servlet 'dispatcherServlet'
[31m2023-02-19 13:31:35[0;39m [32m[http-nio-8088-exec-1][0;39m [34mINFO [0;39m [1;35mo.s.web.servlet.DispatcherServlet[0;39m [initServletBean,547]- Completed initialization in 2 ms
[31m2023-02-19 13:37:56[0;39m [32m[restartedMain][0;39m [34mINFO [0;39m [1;35mcom.ashuo.scms.ScmsApplication[0;39m [logStarting,55]- Starting ScmsApplication using Java 1.8.0_341 on DESKTOP-P6L8B66 with PID 8524 (D:\A学习资料\Java\毕业设计\SCMS-main\SCMS-main\scms\target\classes started by chaowie in D:\A学习资料\Java\毕业设计\SCMS-main\SCMS-main\scms)
[31m2023-02-19 13:37:56[0;39m [32m[restartedMain][0;39m [34mINFO [0;39m [1;35mcom.ashuo.scms.ScmsApplication[0;39m [logStartupProfileInfo,659]- No active profile set, falling back to default profiles: default
[31m2023-02-19 13:37:56[0;39m [32m[restartedMain][0;39m [34mINFO [0;39m [1;35mo.s.b.d.e.DevToolsPropertyDefaultsPostProcessor[0;39m [logTo,255]- Devtools property defaults active! Set 'spring.devtools.add-properties' to 'false' to disable
[31m2023-02-19 13:37:56[0;39m [32m[restartedMain][0;39m [34mINFO [0;39m [1;35mo.s.b.d.e.DevToolsPropertyDefaultsPostProcessor[0;39m [logTo,255]- For additional web related logging consider setting the 'logging.level.web' property to 'DEBUG'
[31m2023-02-19 13:37:57[0;39m [32m[restartedMain][0;39m [34mINFO [0;39m [1;35mo.s.c.s.PostProcessorRegistrationDelegate$BeanPostProcessorChecker[0;39m [postProcessAfterInitialization,376]- Bean 'shiroConfig' of type [com.ashuo.scms.config.ShiroConfig$$EnhancerBySpringCGLIB$$fec37277] is not eligible for getting processed by all BeanPostProcessors (for example: not eligible for auto-proxying)
[31m2023-02-19 13:37:57[0;39m [32m[restartedMain][0;39m [34mINFO [0;39m [1;35mo.s.c.s.PostProcessorRegistrationDelegate$BeanPostProcessorChecker[0;39m [postProcessAfterInitialization,376]- Bean 'mybatis-plus-com.baomidou.mybatisplus.autoconfigure.MybatisPlusProperties' of type [com.baomidou.mybatisplus.autoconfigure.MybatisPlusProperties] is not eligible for getting processed by all BeanPostProcessors (for example: not eligible for auto-proxying)
[31m2023-02-19 13:37:57[0;39m [32m[restartedMain][0;39m [34mINFO [0;39m [1;35mo.s.c.s.PostProcessorRegistrationDelegate$BeanPostProcessorChecker[0;39m [postProcessAfterInitialization,376]- Bean 'mybatisPlusConfig' of type [com.ashuo.scms.config.MybatisPlusConfig$$EnhancerBySpringCGLIB$$37cd853] is not eligible for getting processed by all BeanPostProcessors (for example: not eligible for auto-proxying)
[31m2023-02-19 13:37:57[0;39m [32m[restartedMain][0;39m [34mINFO [0;39m [1;35mo.s.c.s.PostProcessorRegistrationDelegate$BeanPostProcessorChecker[0;39m [postProcessAfterInitialization,376]- Bean 'paginationInterceptor' of type [com.baomidou.mybatisplus.extension.plugins.PaginationInterceptor] is not eligible for getting processed by all BeanPostProcessors (for example: not eligible for auto-proxying)
[31m2023-02-19 13:37:57[0;39m [32m[restartedMain][0;39m [34mINFO [0;39m [1;35mo.s.c.s.PostProcessorRegistrationDelegate$BeanPostProcessorChecker[0;39m [postProcessAfterInitialization,376]- Bean 'com.baomidou.mybatisplus.autoconfigure.MybatisPlusAutoConfiguration' of type [com.baomidou.mybatisplus.autoconfigure.MybatisPlusAutoConfiguration$$EnhancerBySpringCGLIB$$da5d0078] is not eligible for getting processed by all BeanPostProcessors (for example: not eligible for auto-proxying)
[31m2023-02-19 13:37:57[0;39m [32m[restartedMain][0;39m [34mINFO [0;39m [1;35mo.s.c.s.PostProcessorRegistrationDelegate$BeanPostProcessorChecker[0;39m [postProcessAfterInitialization,376]- Bean 'com.alibaba.druid.spring.boot.autoconfigure.DruidDataSourceAutoConfigure' of type [com.alibaba.druid.spring.boot.autoconfigure.DruidDataSourceAutoConfigure$$EnhancerBySpringCGLIB$$b6408950] is not eligible for getting processed by all BeanPostProcessors (for example: not eligible for auto-proxying)
[31m2023-02-19 13:37:57[0;39m [32m[restartedMain][0;39m [34mINFO [0;39m [1;35mc.a.d.s.b.a.DruidDataSourceAutoConfigure[0;39m [dataSource,56]- Init DruidDataSource
[31m2023-02-19 13:37:57[0;39m [32m[restartedMain][0;39m [34mINFO [0;39m [1;35mo.s.c.s.PostProcessorRegistrationDelegate$BeanPostProcessorChecker[0;39m [postProcessAfterInitialization,376]- Bean 'spring.datasource-org.springframework.boot.autoconfigure.jdbc.DataSourceProperties' of type [org.springframework.boot.autoconfigure.jdbc.DataSourceProperties] is not eligible for getting processed by all BeanPostProcessors (for example: not eligible for auto-proxying)
[31m2023-02-19 13:37:58[0;39m [32m[restartedMain][0;39m [34mINFO [0;39m [1;35mc.alibaba.druid.pool.DruidDataSource[0;39m [init,985]- {dataSource-1} inited
[31m2023-02-19 13:37:58[0;39m [32m[restartedMain][0;39m [34mINFO [0;39m [1;35mo.s.c.s.PostProcessorRegistrationDelegate$BeanPostProcessorChecker[0;39m [postProcessAfterInitialization,376]- Bean 'dataSource' of type [com.alibaba.druid.spring.boot.autoconfigure.DruidDataSourceWrapper] is not eligible for getting processed by all BeanPostProcessors (for example: not eligible for auto-proxying)
[31m2023-02-19 13:37:58[0;39m [32m[restartedMain][0;39m [34mINFO [0;39m [1;35mo.s.c.s.PostProcessorRegistrationDelegate$BeanPostProcessorChecker[0;39m [postProcessAfterInitialization,376]- Bean 'sqlSessionFactory' of type [org.apache.ibatis.session.defaults.DefaultSqlSessionFactory] is not eligible for getting processed by all BeanPostProcessors (for example: not eligible for auto-proxying)
[31m2023-02-19 13:37:58[0;39m [32m[restartedMain][0;39m [34mINFO [0;39m [1;35mo.s.c.s.PostProcessorRegistrationDelegate$BeanPostProcessorChecker[0;39m [postProcessAfterInitialization,376]- Bean 'sqlSessionTemplate' of type [org.mybatis.spring.SqlSessionTemplate] is not eligible for getting processed by all BeanPostProcessors (for example: not eligible for auto-proxying)
[31m2023-02-19 13:37:58[0;39m [32m[restartedMain][0;39m [34mINFO [0;39m [1;35mo.s.c.s.PostProcessorRegistrationDelegate$BeanPostProcessorChecker[0;39m [postProcessAfterInitialization,376]- Bean 'userMapper' of type [org.mybatis.spring.mapper.MapperFactoryBean] is not eligible for getting processed by all BeanPostProcessors (for example: not eligible for auto-proxying)
[31m2023-02-19 13:37:58[0;39m [32m[restartedMain][0;39m [34mINFO [0;39m [1;35mo.s.c.s.PostProcessorRegistrationDelegate$BeanPostProcessorChecker[0;39m [postProcessAfterInitialization,376]- Bean 'userMapper' of type [com.sun.proxy.$Proxy89] is not eligible for getting processed by all BeanPostProcessors (for example: not eligible for auto-proxying)
[31m2023-02-19 13:37:58[0;39m [32m[restartedMain][0;39m [34mINFO [0;39m [1;35mo.s.c.s.PostProcessorRegistrationDelegate$BeanPostProcessorChecker[0;39m [postProcessAfterInitialization,376]- Bean 'userServiceImpl' of type [com.ashuo.scms.service.impl.UserServiceImpl] is not eligible for getting processed by all BeanPostProcessors (for example: not eligible for auto-proxying)
[31m2023-02-19 13:37:58[0;39m [32m[restartedMain][0;39m [34mINFO [0;39m [1;35mo.s.c.s.PostProcessorRegistrationDelegate$BeanPostProcessorChecker[0;39m [postProcessAfterInitialization,376]- Bean 'accountRealm' of type [com.ashuo.scms.shiro.AccountRealm] is not eligible for getting processed by all BeanPostProcessors (for example: not eligible for auto-proxying)
[31m2023-02-19 13:37:58[0;39m [32m[restartedMain][0;39m [34mINFO [0;39m [1;35mo.s.c.s.PostProcessorRegistrationDelegate$BeanPostProcessorChecker[0;39m [postProcessAfterInitialization,376]- Bean 'securityManager' of type [org.apache.shiro.web.mgt.DefaultWebSecurityManager] is not eligible for getting processed by all BeanPostProcessors (for example: not eligible for auto-proxying)
[31m2023-02-19 13:37:58[0;39m [32m[restartedMain][0;39m [34mINFO [0;39m [1;35mo.s.c.s.PostProcessorRegistrationDelegate$BeanPostProcessorChecker[0;39m [postProcessAfterInitialization,376]- Bean 'authorizationAttributeSourceAdvisor' of type [org.apache.shiro.spring.security.interceptor.AuthorizationAttributeSourceAdvisor] is not eligible for getting processed by all BeanPostProcessors (for example: not eligible for auto-proxying)
[31m2023-02-19 13:37:59[0;39m [32m[restartedMain][0;39m [34mINFO [0;39m [1;35mo.s.b.w.e.tomcat.TomcatWebServer[0;39m [initialize,108]- Tomcat initialized with port(s): 8088 (http)
[31m2023-02-19 13:37:59[0;39m [32m[restartedMain][0;39m [34mINFO [0;39m [1;35mo.a.coyote.http11.Http11NioProtocol[0;39m [log,173]- Initializing ProtocolHandler ["http-nio-8088"]
[31m2023-02-19 13:37:59[0;39m [32m[restartedMain][0;39m [34mINFO [0;39m [1;35mo.a.catalina.core.StandardService[0;39m [log,173]- Starting service [Tomcat]
[31m2023-02-19 13:37:59[0;39m [32m[restartedMain][0;39m [34mINFO [0;39m [1;35mo.a.catalina.core.StandardEngine[0;39m [log,173]- Starting Servlet engine: [Apache Tomcat/9.0.53]
[31m2023-02-19 13:37:59[0;39m [32m[restartedMain][0;39m [34mINFO [0;39m [1;35mo.a.c.c.C.[Tomcat].[localhost].[/][0;39m [log,173]- Initializing Spring embedded WebApplicationContext
[31m2023-02-19 13:37:59[0;39m [32m[restartedMain][0;39m [34mINFO [0;39m [1;35mo.s.b.w.s.c.ServletWebServerApplicationContext[0;39m [prepareWebApplicationContext,290]- Root WebApplicationContext: initialization completed in 3142 ms
[31m2023-02-19 13:38:00[0;39m [32m[restartedMain][0;39m [34mINFO [0;39m [1;35ms.d.s.w.PropertySourcedRequestMappingHandlerMapping[0;39m [initHandlerMethods,69]- Mapped URL path [/v2/api-docs] onto method [springfox.documentation.swagger2.web.Swagger2Controller#getDocumentation(String, HttpServletRequest)]
[31m2023-02-19 13:38:00[0;39m [32m[restartedMain][0;39m [34mINFO [0;39m [1;35mo.s.b.d.a.OptionalLiveReloadServer[0;39m [startServer,58]- LiveReload server is running on port 35729
[31m2023-02-19 13:38:00[0;39m [32m[restartedMain][0;39m [34mINFO [0;39m [1;35mo.s.b.a.s.s.UserDetailsServiceAutoConfiguration[0;39m [getOrDeducePassword,86]- 

Using generated security password: d62d6f9d-a5c9-4ad2-86f8-e385262116f1

[31m2023-02-19 13:38:00[0;39m [32m[restartedMain][0;39m [34mINFO [0;39m [1;35mo.s.s.web.DefaultSecurityFilterChain[0;39m [<init>,51]- Will secure any request with [org.springframework.security.web.context.request.async.WebAsyncManagerIntegrationFilter@4aa808f8, org.springframework.security.web.context.SecurityContextPersistenceFilter@69dbb1ab, org.springframework.security.web.header.HeaderWriterFilter@3e3a0d28, org.springframework.web.filter.CorsFilter@19d91d12, org.springframework.security.web.authentication.logout.LogoutFilter@42849b01, org.springframework.security.web.savedrequest.RequestCacheAwareFilter@2a17a701, org.springframework.security.web.servletapi.SecurityContextHolderAwareRequestFilter@388d24cd, org.springframework.security.web.authentication.AnonymousAuthenticationFilter@5df006d6, org.springframework.security.web.session.SessionManagementFilter@5820c51d, org.springframework.security.web.access.ExceptionTranslationFilter@6e17f9a3, org.springframework.security.web.access.intercept.FilterSecurityInterceptor@aaa5937]
[31m2023-02-19 13:38:00[0;39m [32m[restartedMain][0;39m [34mINFO [0;39m [1;35mo.a.coyote.http11.Http11NioProtocol[0;39m [log,173]- Starting ProtocolHandler ["http-nio-8088"]
[31m2023-02-19 13:38:00[0;39m [32m[restartedMain][0;39m [34mINFO [0;39m [1;35mo.s.b.w.e.tomcat.TomcatWebServer[0;39m [start,220]- Tomcat started on port(s): 8088 (http) with context path ''
[31m2023-02-19 13:38:00[0;39m [32m[restartedMain][0;39m [34mINFO [0;39m [1;35ms.d.s.w.p.DocumentationPluginsBootstrapper[0;39m [start,160]- Context refreshed
[31m2023-02-19 13:38:00[0;39m [32m[restartedMain][0;39m [34mINFO [0;39m [1;35ms.d.s.w.p.DocumentationPluginsBootstrapper[0;39m [start,163]- Found 1 custom documentation plugin(s)
[31m2023-02-19 13:38:00[0;39m [32m[restartedMain][0;39m [34mINFO [0;39m [1;35ms.d.s.w.s.ApiListingReferenceScanner[0;39m [scan,41]- Scanning for api listing references
[31m2023-02-19 13:38:00[0;39m [32m[restartedMain][0;39m [34mINFO [0;39m [1;35ms.d.s.w.r.o.CachingOperationNameGenerator[0;39m [startingWith,40]- Generating unique operation named: queryItemUsingGET_1
[31m2023-02-19 13:38:01[0;39m [32m[restartedMain][0;39m [34mINFO [0;39m [1;35mcom.ashuo.scms.ScmsApplication[0;39m [logStarted,61]- Started ScmsApplication in 5.504 seconds (JVM running for 7.484)
[31m2023-02-19 13:38:03[0;39m [32m[http-nio-8088-exec-1][0;39m [34mINFO [0;39m [1;35mo.a.c.c.C.[Tomcat].[localhost].[/][0;39m [log,173]- Initializing Spring DispatcherServlet 'dispatcherServlet'
[31m2023-02-19 13:38:03[0;39m [32m[http-nio-8088-exec-1][0;39m [34mINFO [0;39m [1;35mo.s.web.servlet.DispatcherServlet[0;39m [initServletBean,525]- Initializing Servlet 'dispatcherServlet'
[31m2023-02-19 13:38:03[0;39m [32m[http-nio-8088-exec-1][0;39m [34mINFO [0;39m [1;35mo.s.web.servlet.DispatcherServlet[0;39m [initServletBean,547]- Completed initialization in 1 ms
[31m2023-02-19 13:49:25[0;39m [32m[restartedMain][0;39m [34mINFO [0;39m [1;35mcom.ashuo.scms.ScmsApplication[0;39m [logStarting,55]- Starting ScmsApplication using Java 1.8.0_341 on DESKTOP-P6L8B66 with PID 11160 (D:\A学习资料\Java\毕业设计\SCMS-main\SCMS-main\scms\target\classes started by chaowie in D:\A学习资料\Java\毕业设计\SCMS-main\SCMS-main\scms)
[31m2023-02-19 13:49:25[0;39m [32m[restartedMain][0;39m [34mINFO [0;39m [1;35mcom.ashuo.scms.ScmsApplication[0;39m [logStartupProfileInfo,659]- No active profile set, falling back to default profiles: default
[31m2023-02-19 13:49:25[0;39m [32m[restartedMain][0;39m [34mINFO [0;39m [1;35mo.s.b.d.e.DevToolsPropertyDefaultsPostProcessor[0;39m [logTo,255]- Devtools property defaults active! Set 'spring.devtools.add-properties' to 'false' to disable
[31m2023-02-19 13:49:25[0;39m [32m[restartedMain][0;39m [34mINFO [0;39m [1;35mo.s.b.d.e.DevToolsPropertyDefaultsPostProcessor[0;39m [logTo,255]- For additional web related logging consider setting the 'logging.level.web' property to 'DEBUG'
[31m2023-02-19 13:49:26[0;39m [32m[restartedMain][0;39m [34mINFO [0;39m [1;35mo.s.c.s.PostProcessorRegistrationDelegate$BeanPostProcessorChecker[0;39m [postProcessAfterInitialization,376]- Bean 'shiroConfig' of type [com.ashuo.scms.config.ShiroConfig$$EnhancerBySpringCGLIB$$79fa1382] is not eligible for getting processed by all BeanPostProcessors (for example: not eligible for auto-proxying)
[31m2023-02-19 13:49:26[0;39m [32m[restartedMain][0;39m [34mINFO [0;39m [1;35mo.s.c.s.PostProcessorRegistrationDelegate$BeanPostProcessorChecker[0;39m [postProcessAfterInitialization,376]- Bean 'mybatis-plus-com.baomidou.mybatisplus.autoconfigure.MybatisPlusProperties' of type [com.baomidou.mybatisplus.autoconfigure.MybatisPlusProperties] is not eligible for getting processed by all BeanPostProcessors (for example: not eligible for auto-proxying)
[31m2023-02-19 13:49:26[0;39m [32m[restartedMain][0;39m [34mINFO [0;39m [1;35mo.s.c.s.PostProcessorRegistrationDelegate$BeanPostProcessorChecker[0;39m [postProcessAfterInitialization,376]- Bean 'mybatisPlusConfig' of type [com.ashuo.scms.config.MybatisPlusConfig$$EnhancerBySpringCGLIB$$7eb3795e] is not eligible for getting processed by all BeanPostProcessors (for example: not eligible for auto-proxying)
[31m2023-02-19 13:49:26[0;39m [32m[restartedMain][0;39m [34mINFO [0;39m [1;35mo.s.c.s.PostProcessorRegistrationDelegate$BeanPostProcessorChecker[0;39m [postProcessAfterInitialization,376]- Bean 'paginationInterceptor' of type [com.baomidou.mybatisplus.extension.plugins.PaginationInterceptor] is not eligible for getting processed by all BeanPostProcessors (for example: not eligible for auto-proxying)
[31m2023-02-19 13:49:26[0;39m [32m[restartedMain][0;39m [34mINFO [0;39m [1;35mo.s.c.s.PostProcessorRegistrationDelegate$BeanPostProcessorChecker[0;39m [postProcessAfterInitialization,376]- Bean 'com.baomidou.mybatisplus.autoconfigure.MybatisPlusAutoConfiguration' of type [com.baomidou.mybatisplus.autoconfigure.MybatisPlusAutoConfiguration$$EnhancerBySpringCGLIB$$5593a183] is not eligible for getting processed by all BeanPostProcessors (for example: not eligible for auto-proxying)
[31m2023-02-19 13:49:26[0;39m [32m[restartedMain][0;39m [34mINFO [0;39m [1;35mo.s.c.s.PostProcessorRegistrationDelegate$BeanPostProcessorChecker[0;39m [postProcessAfterInitialization,376]- Bean 'com.alibaba.druid.spring.boot.autoconfigure.DruidDataSourceAutoConfigure' of type [com.alibaba.druid.spring.boot.autoconfigure.DruidDataSourceAutoConfigure$$EnhancerBySpringCGLIB$$31772a5b] is not eligible for getting processed by all BeanPostProcessors (for example: not eligible for auto-proxying)
[31m2023-02-19 13:49:26[0;39m [32m[restartedMain][0;39m [34mINFO [0;39m [1;35mc.a.d.s.b.a.DruidDataSourceAutoConfigure[0;39m [dataSource,56]- Init DruidDataSource
[31m2023-02-19 13:49:26[0;39m [32m[restartedMain][0;39m [34mINFO [0;39m [1;35mo.s.c.s.PostProcessorRegistrationDelegate$BeanPostProcessorChecker[0;39m [postProcessAfterInitialization,376]- Bean 'spring.datasource-org.springframework.boot.autoconfigure.jdbc.DataSourceProperties' of type [org.springframework.boot.autoconfigure.jdbc.DataSourceProperties] is not eligible for getting processed by all BeanPostProcessors (for example: not eligible for auto-proxying)
[31m2023-02-19 13:49:26[0;39m [32m[restartedMain][0;39m [34mINFO [0;39m [1;35mc.alibaba.druid.pool.DruidDataSource[0;39m [init,985]- {dataSource-1} inited
[31m2023-02-19 13:49:26[0;39m [32m[restartedMain][0;39m [34mINFO [0;39m [1;35mo.s.c.s.PostProcessorRegistrationDelegate$BeanPostProcessorChecker[0;39m [postProcessAfterInitialization,376]- Bean 'dataSource' of type [com.alibaba.druid.spring.boot.autoconfigure.DruidDataSourceWrapper] is not eligible for getting processed by all BeanPostProcessors (for example: not eligible for auto-proxying)
[31m2023-02-19 13:49:27[0;39m [32m[restartedMain][0;39m [34mINFO [0;39m [1;35mo.s.c.s.PostProcessorRegistrationDelegate$BeanPostProcessorChecker[0;39m [postProcessAfterInitialization,376]- Bean 'sqlSessionFactory' of type [org.apache.ibatis.session.defaults.DefaultSqlSessionFactory] is not eligible for getting processed by all BeanPostProcessors (for example: not eligible for auto-proxying)
[31m2023-02-19 13:49:27[0;39m [32m[restartedMain][0;39m [34mINFO [0;39m [1;35mo.s.c.s.PostProcessorRegistrationDelegate$BeanPostProcessorChecker[0;39m [postProcessAfterInitialization,376]- Bean 'sqlSessionTemplate' of type [org.mybatis.spring.SqlSessionTemplate] is not eligible for getting processed by all BeanPostProcessors (for example: not eligible for auto-proxying)
[31m2023-02-19 13:49:27[0;39m [32m[restartedMain][0;39m [34mINFO [0;39m [1;35mo.s.c.s.PostProcessorRegistrationDelegate$BeanPostProcessorChecker[0;39m [postProcessAfterInitialization,376]- Bean 'userMapper' of type [org.mybatis.spring.mapper.MapperFactoryBean] is not eligible for getting processed by all BeanPostProcessors (for example: not eligible for auto-proxying)
[31m2023-02-19 13:49:27[0;39m [32m[restartedMain][0;39m [34mINFO [0;39m [1;35mo.s.c.s.PostProcessorRegistrationDelegate$BeanPostProcessorChecker[0;39m [postProcessAfterInitialization,376]- Bean 'userMapper' of type [com.sun.proxy.$Proxy89] is not eligible for getting processed by all BeanPostProcessors (for example: not eligible for auto-proxying)
[31m2023-02-19 13:49:27[0;39m [32m[restartedMain][0;39m [34mINFO [0;39m [1;35mo.s.c.s.PostProcessorRegistrationDelegate$BeanPostProcessorChecker[0;39m [postProcessAfterInitialization,376]- Bean 'userServiceImpl' of type [com.ashuo.scms.service.impl.UserServiceImpl] is not eligible for getting processed by all BeanPostProcessors (for example: not eligible for auto-proxying)
[31m2023-02-19 13:49:27[0;39m [32m[restartedMain][0;39m [34mINFO [0;39m [1;35mo.s.c.s.PostProcessorRegistrationDelegate$BeanPostProcessorChecker[0;39m [postProcessAfterInitialization,376]- Bean 'accountRealm' of type [com.ashuo.scms.shiro.AccountRealm] is not eligible for getting processed by all BeanPostProcessors (for example: not eligible for auto-proxying)
[31m2023-02-19 13:49:27[0;39m [32m[restartedMain][0;39m [34mINFO [0;39m [1;35mo.s.c.s.PostProcessorRegistrationDelegate$BeanPostProcessorChecker[0;39m [postProcessAfterInitialization,376]- Bean 'securityManager' of type [org.apache.shiro.web.mgt.DefaultWebSecurityManager] is not eligible for getting processed by all BeanPostProcessors (for example: not eligible for auto-proxying)
[31m2023-02-19 13:49:27[0;39m [32m[restartedMain][0;39m [34mINFO [0;39m [1;35mo.s.c.s.PostProcessorRegistrationDelegate$BeanPostProcessorChecker[0;39m [postProcessAfterInitialization,376]- Bean 'authorizationAttributeSourceAdvisor' of type [org.apache.shiro.spring.security.interceptor.AuthorizationAttributeSourceAdvisor] is not eligible for getting processed by all BeanPostProcessors (for example: not eligible for auto-proxying)
[31m2023-02-19 13:49:27[0;39m [32m[restartedMain][0;39m [34mINFO [0;39m [1;35mo.s.b.w.e.tomcat.TomcatWebServer[0;39m [initialize,108]- Tomcat initialized with port(s): 8088 (http)
[31m2023-02-19 13:49:27[0;39m [32m[restartedMain][0;39m [34mINFO [0;39m [1;35mo.a.coyote.http11.Http11NioProtocol[0;39m [log,173]- Initializing ProtocolHandler ["http-nio-8088"]
[31m2023-02-19 13:49:27[0;39m [32m[restartedMain][0;39m [34mINFO [0;39m [1;35mo.a.catalina.core.StandardService[0;39m [log,173]- Starting service [Tomcat]
[31m2023-02-19 13:49:27[0;39m [32m[restartedMain][0;39m [34mINFO [0;39m [1;35mo.a.catalina.core.StandardEngine[0;39m [log,173]- Starting Servlet engine: [Apache Tomcat/9.0.53]
[31m2023-02-19 13:49:28[0;39m [32m[restartedMain][0;39m [34mINFO [0;39m [1;35mo.a.c.c.C.[Tomcat].[localhost].[/][0;39m [log,173]- Initializing Spring embedded WebApplicationContext
[31m2023-02-19 13:49:28[0;39m [32m[restartedMain][0;39m [34mINFO [0;39m [1;35mo.s.b.w.s.c.ServletWebServerApplicationContext[0;39m [prepareWebApplicationContext,290]- Root WebApplicationContext: initialization completed in 2768 ms
[31m2023-02-19 13:49:28[0;39m [32m[restartedMain][0;39m [34mINFO [0;39m [1;35ms.d.s.w.PropertySourcedRequestMappingHandlerMapping[0;39m [initHandlerMethods,69]- Mapped URL path [/v2/api-docs] onto method [springfox.documentation.swagger2.web.Swagger2Controller#getDocumentation(String, HttpServletRequest)]
[31m2023-02-19 13:49:28[0;39m [32m[restartedMain][0;39m [34mINFO [0;39m [1;35mo.s.b.d.a.OptionalLiveReloadServer[0;39m [startServer,58]- LiveReload server is running on port 35729
[31m2023-02-19 13:49:29[0;39m [32m[restartedMain][0;39m [34mINFO [0;39m [1;35mo.s.b.a.s.s.UserDetailsServiceAutoConfiguration[0;39m [getOrDeducePassword,86]- 

Using generated security password: 591f1f08-a314-4664-a8e8-be51aa669393

[31m2023-02-19 13:49:29[0;39m [32m[restartedMain][0;39m [34mINFO [0;39m [1;35mo.s.s.web.DefaultSecurityFilterChain[0;39m [<init>,51]- Will secure any request with [org.springframework.security.web.context.request.async.WebAsyncManagerIntegrationFilter@473b9caf, org.springframework.security.web.context.SecurityContextPersistenceFilter@2b29eb72, org.springframework.security.web.header.HeaderWriterFilter@50a8174, org.springframework.web.filter.CorsFilter@53294073, org.springframework.security.web.authentication.logout.LogoutFilter@35ce14cd, org.springframework.security.web.savedrequest.RequestCacheAwareFilter@46c62655, org.springframework.security.web.servletapi.SecurityContextHolderAwareRequestFilter@719d4c2c, org.springframework.security.web.authentication.AnonymousAuthenticationFilter@117519d0, org.springframework.security.web.session.SessionManagementFilter@43000ec8, org.springframework.security.web.access.ExceptionTranslationFilter@c0850f2, org.springframework.security.web.access.intercept.FilterSecurityInterceptor@15e7171a]
[31m2023-02-19 13:49:29[0;39m [32m[restartedMain][0;39m [34mINFO [0;39m [1;35mo.a.coyote.http11.Http11NioProtocol[0;39m [log,173]- Starting ProtocolHandler ["http-nio-8088"]
[31m2023-02-19 13:49:29[0;39m [32m[restartedMain][0;39m [34mINFO [0;39m [1;35mo.s.b.w.e.tomcat.TomcatWebServer[0;39m [start,220]- Tomcat started on port(s): 8088 (http) with context path ''
[31m2023-02-19 13:49:29[0;39m [32m[restartedMain][0;39m [34mINFO [0;39m [1;35ms.d.s.w.p.DocumentationPluginsBootstrapper[0;39m [start,160]- Context refreshed
[31m2023-02-19 13:49:29[0;39m [32m[restartedMain][0;39m [34mINFO [0;39m [1;35ms.d.s.w.p.DocumentationPluginsBootstrapper[0;39m [start,163]- Found 1 custom documentation plugin(s)
[31m2023-02-19 13:49:29[0;39m [32m[restartedMain][0;39m [34mINFO [0;39m [1;35ms.d.s.w.s.ApiListingReferenceScanner[0;39m [scan,41]- Scanning for api listing references
[31m2023-02-19 13:49:29[0;39m [32m[restartedMain][0;39m [34mINFO [0;39m [1;35ms.d.s.w.r.o.CachingOperationNameGenerator[0;39m [startingWith,40]- Generating unique operation named: queryItemUsingGET_1
[31m2023-02-19 13:49:29[0;39m [32m[restartedMain][0;39m [34mINFO [0;39m [1;35mcom.ashuo.scms.ScmsApplication[0;39m [logStarted,61]- Started ScmsApplication in 4.993 seconds (JVM running for 6.405)
[31m2023-02-19 13:50:17[0;39m [32m[http-nio-8088-exec-1][0;39m [34mINFO [0;39m [1;35mo.a.c.c.C.[Tomcat].[localhost].[/][0;39m [log,173]- Initializing Spring DispatcherServlet 'dispatcherServlet'
[31m2023-02-19 13:50:17[0;39m [32m[http-nio-8088-exec-1][0;39m [34mINFO [0;39m [1;35mo.s.web.servlet.DispatcherServlet[0;39m [initServletBean,525]- Initializing Servlet 'dispatcherServlet'
[31m2023-02-19 13:50:17[0;39m [32m[http-nio-8088-exec-1][0;39m [34mINFO [0;39m [1;35mo.s.web.servlet.DispatcherServlet[0;39m [initServletBean,547]- Completed initialization in 2 ms
[31m2023-02-19 13:54:30[0;39m [32m[restartedMain][0;39m [34mINFO [0;39m [1;35mcom.ashuo.scms.ScmsApplication[0;39m [logStarting,55]- Starting ScmsApplication using Java 1.8.0_341 on DESKTOP-P6L8B66 with PID 4368 (D:\A学习资料\Java\毕业设计\SCMS-main\SCMS-main\scms\target\classes started by chaowie in D:\A学习资料\Java\毕业设计\SCMS-main\SCMS-main\scms)
[31m2023-02-19 13:54:30[0;39m [32m[restartedMain][0;39m [34mINFO [0;39m [1;35mcom.ashuo.scms.ScmsApplication[0;39m [logStartupProfileInfo,659]- No active profile set, falling back to default profiles: default
[31m2023-02-19 13:54:30[0;39m [32m[restartedMain][0;39m [34mINFO [0;39m [1;35mo.s.b.d.e.DevToolsPropertyDefaultsPostProcessor[0;39m [logTo,255]- Devtools property defaults active! Set 'spring.devtools.add-properties' to 'false' to disable
[31m2023-02-19 13:54:30[0;39m [32m[restartedMain][0;39m [34mINFO [0;39m [1;35mo.s.b.d.e.DevToolsPropertyDefaultsPostProcessor[0;39m [logTo,255]- For additional web related logging consider setting the 'logging.level.web' property to 'DEBUG'
[31m2023-02-19 13:54:31[0;39m [32m[restartedMain][0;39m [34mINFO [0;39m [1;35mo.s.c.s.PostProcessorRegistrationDelegate$BeanPostProcessorChecker[0;39m [postProcessAfterInitialization,376]- Bean 'shiroConfig' of type [com.ashuo.scms.config.ShiroConfig$$EnhancerBySpringCGLIB$$373f689d] is not eligible for getting processed by all BeanPostProcessors (for example: not eligible for auto-proxying)
[31m2023-02-19 13:54:31[0;39m [32m[restartedMain][0;39m [34mINFO [0;39m [1;35mo.s.c.s.PostProcessorRegistrationDelegate$BeanPostProcessorChecker[0;39m [postProcessAfterInitialization,376]- Bean 'mybatis-plus-com.baomidou.mybatisplus.autoconfigure.MybatisPlusProperties' of type [com.baomidou.mybatisplus.autoconfigure.MybatisPlusProperties] is not eligible for getting processed by all BeanPostProcessors (for example: not eligible for auto-proxying)
[31m2023-02-19 13:54:31[0;39m [32m[restartedMain][0;39m [34mINFO [0;39m [1;35mo.s.c.s.PostProcessorRegistrationDelegate$BeanPostProcessorChecker[0;39m [postProcessAfterInitialization,376]- Bean 'mybatisPlusConfig' of type [com.ashuo.scms.config.MybatisPlusConfig$$EnhancerBySpringCGLIB$$3bf8ce79] is not eligible for getting processed by all BeanPostProcessors (for example: not eligible for auto-proxying)
[31m2023-02-19 13:54:31[0;39m [32m[restartedMain][0;39m [34mINFO [0;39m [1;35mo.s.c.s.PostProcessorRegistrationDelegate$BeanPostProcessorChecker[0;39m [postProcessAfterInitialization,376]- Bean 'paginationInterceptor' of type [com.baomidou.mybatisplus.extension.plugins.PaginationInterceptor] is not eligible for getting processed by all BeanPostProcessors (for example: not eligible for auto-proxying)
[31m2023-02-19 13:54:31[0;39m [32m[restartedMain][0;39m [34mINFO [0;39m [1;35mo.s.c.s.PostProcessorRegistrationDelegate$BeanPostProcessorChecker[0;39m [postProcessAfterInitialization,376]- Bean 'com.baomidou.mybatisplus.autoconfigure.MybatisPlusAutoConfiguration' of type [com.baomidou.mybatisplus.autoconfigure.MybatisPlusAutoConfiguration$$EnhancerBySpringCGLIB$$12d8f69e] is not eligible for getting processed by all BeanPostProcessors (for example: not eligible for auto-proxying)
[31m2023-02-19 13:54:31[0;39m [32m[restartedMain][0;39m [34mINFO [0;39m [1;35mo.s.c.s.PostProcessorRegistrationDelegate$BeanPostProcessorChecker[0;39m [postProcessAfterInitialization,376]- Bean 'com.alibaba.druid.spring.boot.autoconfigure.DruidDataSourceAutoConfigure' of type [com.alibaba.druid.spring.boot.autoconfigure.DruidDataSourceAutoConfigure$$EnhancerBySpringCGLIB$$eebc7f76] is not eligible for getting processed by all BeanPostProcessors (for example: not eligible for auto-proxying)
[31m2023-02-19 13:54:31[0;39m [32m[restartedMain][0;39m [34mINFO [0;39m [1;35mc.a.d.s.b.a.DruidDataSourceAutoConfigure[0;39m [dataSource,56]- Init DruidDataSource
[31m2023-02-19 13:54:31[0;39m [32m[restartedMain][0;39m [34mINFO [0;39m [1;35mo.s.c.s.PostProcessorRegistrationDelegate$BeanPostProcessorChecker[0;39m [postProcessAfterInitialization,376]- Bean 'spring.datasource-org.springframework.boot.autoconfigure.jdbc.DataSourceProperties' of type [org.springframework.boot.autoconfigure.jdbc.DataSourceProperties] is not eligible for getting processed by all BeanPostProcessors (for example: not eligible for auto-proxying)
[31m2023-02-19 13:54:31[0;39m [32m[restartedMain][0;39m [34mINFO [0;39m [1;35mc.alibaba.druid.pool.DruidDataSource[0;39m [init,985]- {dataSource-1} inited
[31m2023-02-19 13:54:31[0;39m [32m[restartedMain][0;39m [34mINFO [0;39m [1;35mo.s.c.s.PostProcessorRegistrationDelegate$BeanPostProcessorChecker[0;39m [postProcessAfterInitialization,376]- Bean 'dataSource' of type [com.alibaba.druid.spring.boot.autoconfigure.DruidDataSourceWrapper] is not eligible for getting processed by all BeanPostProcessors (for example: not eligible for auto-proxying)
[31m2023-02-19 13:54:32[0;39m [32m[restartedMain][0;39m [34mINFO [0;39m [1;35mo.s.c.s.PostProcessorRegistrationDelegate$BeanPostProcessorChecker[0;39m [postProcessAfterInitialization,376]- Bean 'sqlSessionFactory' of type [org.apache.ibatis.session.defaults.DefaultSqlSessionFactory] is not eligible for getting processed by all BeanPostProcessors (for example: not eligible for auto-proxying)
[31m2023-02-19 13:54:32[0;39m [32m[restartedMain][0;39m [34mINFO [0;39m [1;35mo.s.c.s.PostProcessorRegistrationDelegate$BeanPostProcessorChecker[0;39m [postProcessAfterInitialization,376]- Bean 'sqlSessionTemplate' of type [org.mybatis.spring.SqlSessionTemplate] is not eligible for getting processed by all BeanPostProcessors (for example: not eligible for auto-proxying)
[31m2023-02-19 13:54:32[0;39m [32m[restartedMain][0;39m [34mINFO [0;39m [1;35mo.s.c.s.PostProcessorRegistrationDelegate$BeanPostProcessorChecker[0;39m [postProcessAfterInitialization,376]- Bean 'userMapper' of type [org.mybatis.spring.mapper.MapperFactoryBean] is not eligible for getting processed by all BeanPostProcessors (for example: not eligible for auto-proxying)
[31m2023-02-19 13:54:32[0;39m [32m[restartedMain][0;39m [34mINFO [0;39m [1;35mo.s.c.s.PostProcessorRegistrationDelegate$BeanPostProcessorChecker[0;39m [postProcessAfterInitialization,376]- Bean 'userMapper' of type [com.sun.proxy.$Proxy89] is not eligible for getting processed by all BeanPostProcessors (for example: not eligible for auto-proxying)
[31m2023-02-19 13:54:32[0;39m [32m[restartedMain][0;39m [34mINFO [0;39m [1;35mo.s.c.s.PostProcessorRegistrationDelegate$BeanPostProcessorChecker[0;39m [postProcessAfterInitialization,376]- Bean 'userServiceImpl' of type [com.ashuo.scms.service.impl.UserServiceImpl] is not eligible for getting processed by all BeanPostProcessors (for example: not eligible for auto-proxying)
[31m2023-02-19 13:54:32[0;39m [32m[restartedMain][0;39m [34mINFO [0;39m [1;35mo.s.c.s.PostProcessorRegistrationDelegate$BeanPostProcessorChecker[0;39m [postProcessAfterInitialization,376]- Bean 'accountRealm' of type [com.ashuo.scms.shiro.AccountRealm] is not eligible for getting processed by all BeanPostProcessors (for example: not eligible for auto-proxying)
[31m2023-02-19 13:54:32[0;39m [32m[restartedMain][0;39m [34mINFO [0;39m [1;35mo.s.c.s.PostProcessorRegistrationDelegate$BeanPostProcessorChecker[0;39m [postProcessAfterInitialization,376]- Bean 'securityManager' of type [org.apache.shiro.web.mgt.DefaultWebSecurityManager] is not eligible for getting processed by all BeanPostProcessors (for example: not eligible for auto-proxying)
[31m2023-02-19 13:54:32[0;39m [32m[restartedMain][0;39m [34mINFO [0;39m [1;35mo.s.c.s.PostProcessorRegistrationDelegate$BeanPostProcessorChecker[0;39m [postProcessAfterInitialization,376]- Bean 'authorizationAttributeSourceAdvisor' of type [org.apache.shiro.spring.security.interceptor.AuthorizationAttributeSourceAdvisor] is not eligible for getting processed by all BeanPostProcessors (for example: not eligible for auto-proxying)
[31m2023-02-19 13:54:32[0;39m [32m[restartedMain][0;39m [34mINFO [0;39m [1;35mo.s.b.w.e.tomcat.TomcatWebServer[0;39m [initialize,108]- Tomcat initialized with port(s): 8088 (http)
[31m2023-02-19 13:54:32[0;39m [32m[restartedMain][0;39m [34mINFO [0;39m [1;35mo.a.coyote.http11.Http11NioProtocol[0;39m [log,173]- Initializing ProtocolHandler ["http-nio-8088"]
[31m2023-02-19 13:54:32[0;39m [32m[restartedMain][0;39m [34mINFO [0;39m [1;35mo.a.catalina.core.StandardService[0;39m [log,173]- Starting service [Tomcat]
[31m2023-02-19 13:54:32[0;39m [32m[restartedMain][0;39m [34mINFO [0;39m [1;35mo.a.catalina.core.StandardEngine[0;39m [log,173]- Starting Servlet engine: [Apache Tomcat/9.0.53]
[31m2023-02-19 13:54:32[0;39m [32m[restartedMain][0;39m [34mINFO [0;39m [1;35mo.a.c.c.C.[Tomcat].[localhost].[/][0;39m [log,173]- Initializing Spring embedded WebApplicationContext
[31m2023-02-19 13:54:32[0;39m [32m[restartedMain][0;39m [34mINFO [0;39m [1;35mo.s.b.w.s.c.ServletWebServerApplicationContext[0;39m [prepareWebApplicationContext,290]- Root WebApplicationContext: initialization completed in 2629 ms
[31m2023-02-19 13:54:33[0;39m [32m[restartedMain][0;39m [34mINFO [0;39m [1;35ms.d.s.w.PropertySourcedRequestMappingHandlerMapping[0;39m [initHandlerMethods,69]- Mapped URL path [/v2/api-docs] onto method [springfox.documentation.swagger2.web.Swagger2Controller#getDocumentation(String, HttpServletRequest)]
[31m2023-02-19 13:54:33[0;39m [32m[restartedMain][0;39m [34mINFO [0;39m [1;35mo.s.b.d.a.OptionalLiveReloadServer[0;39m [startServer,58]- LiveReload server is running on port 35729
[31m2023-02-19 13:54:33[0;39m [32m[restartedMain][0;39m [34mINFO [0;39m [1;35mo.s.b.a.s.s.UserDetailsServiceAutoConfiguration[0;39m [getOrDeducePassword,86]- 

Using generated security password: 72d5c319-45ad-4ce5-8a76-dc40ff32044a

[31m2023-02-19 13:54:33[0;39m [32m[restartedMain][0;39m [34mINFO [0;39m [1;35mo.s.s.web.DefaultSecurityFilterChain[0;39m [<init>,51]- Will secure any request with [org.springframework.security.web.context.request.async.WebAsyncManagerIntegrationFilter@201737e8, org.springframework.security.web.context.SecurityContextPersistenceFilter@528a0f90, org.springframework.security.web.header.HeaderWriterFilter@501ddf7f, org.springframework.web.filter.CorsFilter@738056ac, org.springframework.security.web.authentication.logout.LogoutFilter@6de078d3, org.springframework.security.web.savedrequest.RequestCacheAwareFilter@20739e41, org.springframework.security.web.servletapi.SecurityContextHolderAwareRequestFilter@146785ef, org.springframework.security.web.authentication.AnonymousAuthenticationFilter@5a1d33f8, org.springframework.security.web.session.SessionManagementFilter@2c3fa80d, org.springframework.security.web.access.ExceptionTranslationFilter@2e65fe78, org.springframework.security.web.access.intercept.FilterSecurityInterceptor@7a50b4f0]
[31m2023-02-19 13:54:34[0;39m [32m[restartedMain][0;39m [34mINFO [0;39m [1;35mo.a.coyote.http11.Http11NioProtocol[0;39m [log,173]- Starting ProtocolHandler ["http-nio-8088"]
[31m2023-02-19 13:54:34[0;39m [32m[restartedMain][0;39m [34mINFO [0;39m [1;35mo.s.b.w.e.tomcat.TomcatWebServer[0;39m [start,220]- Tomcat started on port(s): 8088 (http) with context path ''
[31m2023-02-19 13:54:34[0;39m [32m[restartedMain][0;39m [34mINFO [0;39m [1;35ms.d.s.w.p.DocumentationPluginsBootstrapper[0;39m [start,160]- Context refreshed
[31m2023-02-19 13:54:34[0;39m [32m[restartedMain][0;39m [34mINFO [0;39m [1;35ms.d.s.w.p.DocumentationPluginsBootstrapper[0;39m [start,163]- Found 1 custom documentation plugin(s)
[31m2023-02-19 13:54:34[0;39m [32m[restartedMain][0;39m [34mINFO [0;39m [1;35ms.d.s.w.s.ApiListingReferenceScanner[0;39m [scan,41]- Scanning for api listing references
[31m2023-02-19 13:54:34[0;39m [32m[restartedMain][0;39m [34mINFO [0;39m [1;35ms.d.s.w.r.o.CachingOperationNameGenerator[0;39m [startingWith,40]- Generating unique operation named: queryItemUsingGET_1
[31m2023-02-19 13:54:34[0;39m [32m[restartedMain][0;39m [34mINFO [0;39m [1;35mcom.ashuo.scms.ScmsApplication[0;39m [logStarted,61]- Started ScmsApplication in 4.59 seconds (JVM running for 5.716)
[31m2023-02-19 13:54:40[0;39m [32m[http-nio-8088-exec-1][0;39m [34mINFO [0;39m [1;35mo.a.c.c.C.[Tomcat].[localhost].[/][0;39m [log,173]- Initializing Spring DispatcherServlet 'dispatcherServlet'
[31m2023-02-19 13:54:40[0;39m [32m[http-nio-8088-exec-1][0;39m [34mINFO [0;39m [1;35mo.s.web.servlet.DispatcherServlet[0;39m [initServletBean,525]- Initializing Servlet 'dispatcherServlet'
[31m2023-02-19 13:54:40[0;39m [32m[http-nio-8088-exec-1][0;39m [34mINFO [0;39m [1;35mo.s.web.servlet.DispatcherServlet[0;39m [initServletBean,547]- Completed initialization in 1 ms
