[31m2023-02-01 09:14:01[0;39m [32m[restartedMain][0;39m [34mINFO [0;39m [1;35mcom.ashuo.scms.ScmsApplication[0;39m [logStarting,55]- Starting ScmsApplication using Java 1.8.0_341 on DESKTOP-P6L8B66 with PID 15972 (D:\A学习资料\Java\毕业设计\SCMS-main\SCMS-main\scms\target\classes started by chaowie in D:\A学习资料\Java\毕业设计\SCMS-main\SCMS-main\scms)
[31m2023-02-01 09:14:01[0;39m [32m[restartedMain][0;39m [34mINFO [0;39m [1;35mcom.ashuo.scms.ScmsApplication[0;39m [logStartupProfileInfo,659]- No active profile set, falling back to default profiles: default
[31m2023-02-01 09:14:01[0;39m [32m[restartedMain][0;39m [34mINFO [0;39m [1;35mo.s.b.d.e.DevToolsPropertyDefaultsPostProcessor[0;39m [logTo,255]- Devtools property defaults active! Set 'spring.devtools.add-properties' to 'false' to disable
[31m2023-02-01 09:14:01[0;39m [32m[restartedMain][0;39m [34mINFO [0;39m [1;35mo.s.b.d.e.DevToolsPropertyDefaultsPostProcessor[0;39m [logTo,255]- For additional web related logging consider setting the 'logging.level.web' property to 'DEBUG'
[31m2023-02-01 09:14:03[0;39m [32m[restartedMain][0;39m [31mWARN [0;39m [1;35mo.m.s.mapper.ClassPathMapperScanner[0;39m [warn,44]- No MyBatis mapper was found in '[com.ashuo.scms]' package. Please check your configuration.
[31m2023-02-01 09:14:03[0;39m [32m[restartedMain][0;39m [34mINFO [0;39m [1;35mo.s.c.s.PostProcessorRegistrationDelegate$BeanPostProcessorChecker[0;39m [postProcessAfterInitialization,376]- Bean 'shiroConfig' of type [com.ashuo.scms.config.ShiroConfig$$EnhancerBySpringCGLIB$$beddb3ac] is not eligible for getting processed by all BeanPostProcessors (for example: not eligible for auto-proxying)
[31m2023-02-01 09:14:04[0;39m [32m[restartedMain][0;39m [34mINFO [0;39m [1;35mo.s.c.s.PostProcessorRegistrationDelegate$BeanPostProcessorChecker[0;39m [postProcessAfterInitialization,376]- Bean 'mybatis-plus-com.baomidou.mybatisplus.autoconfigure.MybatisPlusProperties' of type [com.baomidou.mybatisplus.autoconfigure.MybatisPlusProperties] is not eligible for getting processed by all BeanPostProcessors (for example: not eligible for auto-proxying)
[31m2023-02-01 09:14:04[0;39m [32m[restartedMain][0;39m [34mINFO [0;39m [1;35mo.s.c.s.PostProcessorRegistrationDelegate$BeanPostProcessorChecker[0;39m [postProcessAfterInitialization,376]- Bean 'mybatisPlusConfig' of type [com.ashuo.scms.config.MybatisPlusConfig$$EnhancerBySpringCGLIB$$c3971988] is not eligible for getting processed by all BeanPostProcessors (for example: not eligible for auto-proxying)
[31m2023-02-01 09:14:04[0;39m [32m[restartedMain][0;39m [34mINFO [0;39m [1;35mo.s.c.s.PostProcessorRegistrationDelegate$BeanPostProcessorChecker[0;39m [postProcessAfterInitialization,376]- Bean 'paginationInterceptor' of type [com.baomidou.mybatisplus.extension.plugins.PaginationInterceptor] is not eligible for getting processed by all BeanPostProcessors (for example: not eligible for auto-proxying)
[31m2023-02-01 09:14:04[0;39m [32m[restartedMain][0;39m [34mINFO [0;39m [1;35mo.s.c.s.PostProcessorRegistrationDelegate$BeanPostProcessorChecker[0;39m [postProcessAfterInitialization,376]- Bean 'com.baomidou.mybatisplus.autoconfigure.MybatisPlusAutoConfiguration' of type [com.baomidou.mybatisplus.autoconfigure.MybatisPlusAutoConfiguration$$EnhancerBySpringCGLIB$$9a7741ad] is not eligible for getting processed by all BeanPostProcessors (for example: not eligible for auto-proxying)
[31m2023-02-01 09:14:04[0;39m [32m[restartedMain][0;39m [34mINFO [0;39m [1;35mo.s.c.s.PostProcessorRegistrationDelegate$BeanPostProcessorChecker[0;39m [postProcessAfterInitialization,376]- Bean 'com.alibaba.druid.spring.boot.autoconfigure.DruidDataSourceAutoConfigure' of type [com.alibaba.druid.spring.boot.autoconfigure.DruidDataSourceAutoConfigure$$EnhancerBySpringCGLIB$$765aca85] is not eligible for getting processed by all BeanPostProcessors (for example: not eligible for auto-proxying)
[31m2023-02-01 09:14:04[0;39m [32m[restartedMain][0;39m [34mINFO [0;39m [1;35mc.a.d.s.b.a.DruidDataSourceAutoConfigure[0;39m [dataSource,56]- Init DruidDataSource
[31m2023-02-01 09:14:04[0;39m [32m[restartedMain][0;39m [34mINFO [0;39m [1;35mo.s.c.s.PostProcessorRegistrationDelegate$BeanPostProcessorChecker[0;39m [postProcessAfterInitialization,376]- Bean 'spring.datasource-org.springframework.boot.autoconfigure.jdbc.DataSourceProperties' of type [org.springframework.boot.autoconfigure.jdbc.DataSourceProperties] is not eligible for getting processed by all BeanPostProcessors (for example: not eligible for auto-proxying)
[31m2023-02-01 09:14:04[0;39m [32m[restartedMain][0;39m [34mINFO [0;39m [1;35mc.alibaba.druid.pool.DruidDataSource[0;39m [init,985]- {dataSource-1} inited
[31m2023-02-01 09:14:04[0;39m [32m[restartedMain][0;39m [34mINFO [0;39m [1;35mo.s.c.s.PostProcessorRegistrationDelegate$BeanPostProcessorChecker[0;39m [postProcessAfterInitialization,376]- Bean 'dataSource' of type [com.alibaba.druid.spring.boot.autoconfigure.DruidDataSourceWrapper] is not eligible for getting processed by all BeanPostProcessors (for example: not eligible for auto-proxying)
[31m2023-02-01 09:14:04[0;39m [32m[restartedMain][0;39m [34mINFO [0;39m [1;35mo.s.c.s.PostProcessorRegistrationDelegate$BeanPostProcessorChecker[0;39m [postProcessAfterInitialization,376]- Bean 'sqlSessionFactory' of type [org.apache.ibatis.session.defaults.DefaultSqlSessionFactory] is not eligible for getting processed by all BeanPostProcessors (for example: not eligible for auto-proxying)
[31m2023-02-01 09:14:04[0;39m [32m[restartedMain][0;39m [34mINFO [0;39m [1;35mo.s.c.s.PostProcessorRegistrationDelegate$BeanPostProcessorChecker[0;39m [postProcessAfterInitialization,376]- Bean 'sqlSessionTemplate' of type [org.mybatis.spring.SqlSessionTemplate] is not eligible for getting processed by all BeanPostProcessors (for example: not eligible for auto-proxying)
[31m2023-02-01 09:14:04[0;39m [32m[restartedMain][0;39m [34mINFO [0;39m [1;35mo.s.c.s.PostProcessorRegistrationDelegate$BeanPostProcessorChecker[0;39m [postProcessAfterInitialization,376]- Bean 'userMapper' of type [org.mybatis.spring.mapper.MapperFactoryBean] is not eligible for getting processed by all BeanPostProcessors (for example: not eligible for auto-proxying)
[31m2023-02-01 09:14:04[0;39m [32m[restartedMain][0;39m [34mINFO [0;39m [1;35mo.s.c.s.PostProcessorRegistrationDelegate$BeanPostProcessorChecker[0;39m [postProcessAfterInitialization,376]- Bean 'userMapper' of type [com.sun.proxy.$Proxy87] is not eligible for getting processed by all BeanPostProcessors (for example: not eligible for auto-proxying)
[31m2023-02-01 09:14:04[0;39m [32m[restartedMain][0;39m [34mINFO [0;39m [1;35mo.s.c.s.PostProcessorRegistrationDelegate$BeanPostProcessorChecker[0;39m [postProcessAfterInitialization,376]- Bean 'userServiceImpl' of type [com.ashuo.scms.service.impl.UserServiceImpl] is not eligible for getting processed by all BeanPostProcessors (for example: not eligible for auto-proxying)
[31m2023-02-01 09:14:04[0;39m [32m[restartedMain][0;39m [34mINFO [0;39m [1;35mo.s.c.s.PostProcessorRegistrationDelegate$BeanPostProcessorChecker[0;39m [postProcessAfterInitialization,376]- Bean 'accountRealm' of type [com.ashuo.scms.shiro.AccountRealm] is not eligible for getting processed by all BeanPostProcessors (for example: not eligible for auto-proxying)
[31m2023-02-01 09:14:05[0;39m [32m[restartedMain][0;39m [34mINFO [0;39m [1;35mo.s.c.s.PostProcessorRegistrationDelegate$BeanPostProcessorChecker[0;39m [postProcessAfterInitialization,376]- Bean 'securityManager' of type [org.apache.shiro.web.mgt.DefaultWebSecurityManager] is not eligible for getting processed by all BeanPostProcessors (for example: not eligible for auto-proxying)
[31m2023-02-01 09:14:05[0;39m [32m[restartedMain][0;39m [34mINFO [0;39m [1;35mo.s.c.s.PostProcessorRegistrationDelegate$BeanPostProcessorChecker[0;39m [postProcessAfterInitialization,376]- Bean 'authorizationAttributeSourceAdvisor' of type [org.apache.shiro.spring.security.interceptor.AuthorizationAttributeSourceAdvisor] is not eligible for getting processed by all BeanPostProcessors (for example: not eligible for auto-proxying)
[31m2023-02-01 09:14:05[0;39m [32m[restartedMain][0;39m [34mINFO [0;39m [1;35mo.s.b.w.e.tomcat.TomcatWebServer[0;39m [initialize,108]- Tomcat initialized with port(s): 8088 (http)
[31m2023-02-01 09:14:05[0;39m [32m[restartedMain][0;39m [34mINFO [0;39m [1;35mo.a.coyote.http11.Http11NioProtocol[0;39m [log,173]- Initializing ProtocolHandler ["http-nio-8088"]
[31m2023-02-01 09:14:05[0;39m [32m[restartedMain][0;39m [34mINFO [0;39m [1;35mo.a.catalina.core.StandardService[0;39m [log,173]- Starting service [Tomcat]
[31m2023-02-01 09:14:05[0;39m [32m[restartedMain][0;39m [34mINFO [0;39m [1;35mo.a.catalina.core.StandardEngine[0;39m [log,173]- Starting Servlet engine: [Apache Tomcat/9.0.53]
[31m2023-02-01 09:14:05[0;39m [32m[restartedMain][0;39m [34mINFO [0;39m [1;35mo.a.c.c.C.[Tomcat].[localhost].[/][0;39m [log,173]- Initializing Spring embedded WebApplicationContext
[31m2023-02-01 09:14:05[0;39m [32m[restartedMain][0;39m [34mINFO [0;39m [1;35mo.s.b.w.s.c.ServletWebServerApplicationContext[0;39m [prepareWebApplicationContext,290]- Root WebApplicationContext: initialization completed in 4360 ms
[31m2023-02-01 09:14:06[0;39m [32m[restartedMain][0;39m [34mINFO [0;39m [1;35ms.d.s.w.PropertySourcedRequestMappingHandlerMapping[0;39m [initHandlerMethods,69]- Mapped URL path [/v2/api-docs] onto method [springfox.documentation.swagger2.web.Swagger2Controller#getDocumentation(String, HttpServletRequest)]
[31m2023-02-01 09:14:06[0;39m [32m[restartedMain][0;39m [34mINFO [0;39m [1;35mo.s.b.d.a.OptionalLiveReloadServer[0;39m [startServer,58]- LiveReload server is running on port 35729
[31m2023-02-01 09:14:07[0;39m [32m[restartedMain][0;39m [34mINFO [0;39m [1;35mo.s.b.a.s.s.UserDetailsServiceAutoConfiguration[0;39m [getOrDeducePassword,86]- 

Using generated security password: 3e818993-7c9f-4168-addc-7b4d29baa246

[31m2023-02-01 09:14:07[0;39m [32m[restartedMain][0;39m [34mINFO [0;39m [1;35mo.s.s.web.DefaultSecurityFilterChain[0;39m [<init>,51]- Will secure any request with [org.springframework.security.web.context.request.async.WebAsyncManagerIntegrationFilter@553cd6, org.springframework.security.web.context.SecurityContextPersistenceFilter@430feec, org.springframework.security.web.header.HeaderWriterFilter@64057349, org.springframework.web.filter.CorsFilter@50f881fd, org.springframework.security.web.authentication.logout.LogoutFilter@67ea3233, org.springframework.security.web.savedrequest.RequestCacheAwareFilter@25da4a53, org.springframework.security.web.servletapi.SecurityContextHolderAwareRequestFilter@4bb927c6, org.springframework.security.web.authentication.AnonymousAuthenticationFilter@257d5bd9, org.springframework.security.web.session.SessionManagementFilter@9a38cec, org.springframework.security.web.access.ExceptionTranslationFilter@7e55cb42, org.springframework.security.web.access.intercept.FilterSecurityInterceptor@67019581]
[31m2023-02-01 09:14:07[0;39m [32m[restartedMain][0;39m [34mINFO [0;39m [1;35mo.a.coyote.http11.Http11NioProtocol[0;39m [log,173]- Starting ProtocolHandler ["http-nio-8088"]
[31m2023-02-01 09:14:07[0;39m [32m[restartedMain][0;39m [34mINFO [0;39m [1;35mo.s.b.w.e.tomcat.TomcatWebServer[0;39m [start,220]- Tomcat started on port(s): 8088 (http) with context path ''
[31m2023-02-01 09:14:07[0;39m [32m[restartedMain][0;39m [34mINFO [0;39m [1;35ms.d.s.w.p.DocumentationPluginsBootstrapper[0;39m [start,160]- Context refreshed
[31m2023-02-01 09:14:07[0;39m [32m[restartedMain][0;39m [34mINFO [0;39m [1;35ms.d.s.w.p.DocumentationPluginsBootstrapper[0;39m [start,163]- Found 1 custom documentation plugin(s)
[31m2023-02-01 09:14:07[0;39m [32m[restartedMain][0;39m [34mINFO [0;39m [1;35ms.d.s.w.s.ApiListingReferenceScanner[0;39m [scan,41]- Scanning for api listing references
[31m2023-02-01 09:14:07[0;39m [32m[restartedMain][0;39m [34mINFO [0;39m [1;35mcom.ashuo.scms.ScmsApplication[0;39m [logStarted,61]- Started ScmsApplication in 6.748 seconds (JVM running for 8.337)
[31m2023-02-01 09:14:13[0;39m [32m[http-nio-8088-exec-1][0;39m [34mINFO [0;39m [1;35mo.a.c.c.C.[Tomcat].[localhost].[/][0;39m [log,173]- Initializing Spring DispatcherServlet 'dispatcherServlet'
[31m2023-02-01 09:14:13[0;39m [32m[http-nio-8088-exec-1][0;39m [34mINFO [0;39m [1;35mo.s.web.servlet.DispatcherServlet[0;39m [initServletBean,525]- Initializing Servlet 'dispatcherServlet'
[31m2023-02-01 09:14:13[0;39m [32m[http-nio-8088-exec-1][0;39m [34mINFO [0;39m [1;35mo.s.web.servlet.DispatcherServlet[0;39m [initServletBean,547]- Completed initialization in 1 ms
[31m2023-02-01 09:45:11[0;39m [32m[http-nio-8088-exec-8][0;39m [31mWARN [0;39m [1;35mo.s.w.s.m.m.a.ExceptionHandlerExceptionResolver[0;39m [logException,207]- Resolved [org.apache.shiro.authz.UnauthenticatedException: The current Subject is not authenticated.  Access denied.]
[31m2023-02-01 09:45:14[0;39m [32m[http-nio-8088-exec-1][0;39m [31mWARN [0;39m [1;35mo.s.w.s.m.m.a.ExceptionHandlerExceptionResolver[0;39m [logException,207]- Resolved [org.apache.shiro.authz.UnauthenticatedException: The current Subject is not authenticated.  Access denied.]
[31m2023-02-01 09:45:22[0;39m [32m[http-nio-8088-exec-3][0;39m [31mWARN [0;39m [1;35mo.s.w.s.m.m.a.ExceptionHandlerExceptionResolver[0;39m [logException,207]- Resolved [org.apache.shiro.authz.UnauthenticatedException: The current Subject is not authenticated.  Access denied.]
[31m2023-02-01 09:45:25[0;39m [32m[http-nio-8088-exec-7][0;39m [31mWARN [0;39m [1;35mo.s.w.s.m.m.a.ExceptionHandlerExceptionResolver[0;39m [logException,207]- Resolved [org.apache.shiro.authz.UnauthenticatedException: The current Subject is not authenticated.  Access denied.]
[31m2023-02-01 09:45:42[0;39m [32m[http-nio-8088-exec-5][0;39m [31mWARN [0;39m [1;35mo.s.w.s.m.m.a.ExceptionHandlerExceptionResolver[0;39m [logException,207]- Resolved [org.apache.shiro.authz.UnauthenticatedException: The current Subject is not authenticated.  Access denied.]
[31m2023-02-01 11:42:11[0;39m [32m[restartedMain][0;39m [34mINFO [0;39m [1;35mcom.ashuo.scms.ScmsApplication[0;39m [logStarting,55]- Starting ScmsApplication using Java 1.8.0_341 on DESKTOP-P6L8B66 with PID 17156 (D:\A学习资料\Java\毕业设计\SCMS-main\SCMS-main\scms\target\classes started by chaowie in D:\A学习资料\Java\毕业设计\SCMS-main\SCMS-main\scms)
[31m2023-02-01 11:42:11[0;39m [32m[restartedMain][0;39m [34mINFO [0;39m [1;35mcom.ashuo.scms.ScmsApplication[0;39m [logStartupProfileInfo,659]- No active profile set, falling back to default profiles: default
[31m2023-02-01 11:42:11[0;39m [32m[restartedMain][0;39m [34mINFO [0;39m [1;35mo.s.b.d.e.DevToolsPropertyDefaultsPostProcessor[0;39m [logTo,255]- Devtools property defaults active! Set 'spring.devtools.add-properties' to 'false' to disable
[31m2023-02-01 11:42:11[0;39m [32m[restartedMain][0;39m [34mINFO [0;39m [1;35mo.s.b.d.e.DevToolsPropertyDefaultsPostProcessor[0;39m [logTo,255]- For additional web related logging consider setting the 'logging.level.web' property to 'DEBUG'
[31m2023-02-01 11:42:12[0;39m [32m[restartedMain][0;39m [31mWARN [0;39m [1;35mo.m.s.mapper.ClassPathMapperScanner[0;39m [warn,44]- No MyBatis mapper was found in '[com.ashuo.scms]' package. Please check your configuration.
[31m2023-02-01 11:42:12[0;39m [32m[restartedMain][0;39m [34mINFO [0;39m [1;35mo.s.c.s.PostProcessorRegistrationDelegate$BeanPostProcessorChecker[0;39m [postProcessAfterInitialization,376]- Bean 'shiroConfig' of type [com.ashuo.scms.config.ShiroConfig$$EnhancerBySpringCGLIB$$afbda468] is not eligible for getting processed by all BeanPostProcessors (for example: not eligible for auto-proxying)
[31m2023-02-01 11:42:12[0;39m [32m[restartedMain][0;39m [34mINFO [0;39m [1;35mo.s.c.s.PostProcessorRegistrationDelegate$BeanPostProcessorChecker[0;39m [postProcessAfterInitialization,376]- Bean 'mybatis-plus-com.baomidou.mybatisplus.autoconfigure.MybatisPlusProperties' of type [com.baomidou.mybatisplus.autoconfigure.MybatisPlusProperties] is not eligible for getting processed by all BeanPostProcessors (for example: not eligible for auto-proxying)
[31m2023-02-01 11:42:12[0;39m [32m[restartedMain][0;39m [34mINFO [0;39m [1;35mo.s.c.s.PostProcessorRegistrationDelegate$BeanPostProcessorChecker[0;39m [postProcessAfterInitialization,376]- Bean 'mybatisPlusConfig' of type [com.ashuo.scms.config.MybatisPlusConfig$$EnhancerBySpringCGLIB$$b4770a44] is not eligible for getting processed by all BeanPostProcessors (for example: not eligible for auto-proxying)
[31m2023-02-01 11:42:12[0;39m [32m[restartedMain][0;39m [34mINFO [0;39m [1;35mo.s.c.s.PostProcessorRegistrationDelegate$BeanPostProcessorChecker[0;39m [postProcessAfterInitialization,376]- Bean 'paginationInterceptor' of type [com.baomidou.mybatisplus.extension.plugins.PaginationInterceptor] is not eligible for getting processed by all BeanPostProcessors (for example: not eligible for auto-proxying)
[31m2023-02-01 11:42:12[0;39m [32m[restartedMain][0;39m [34mINFO [0;39m [1;35mo.s.c.s.PostProcessorRegistrationDelegate$BeanPostProcessorChecker[0;39m [postProcessAfterInitialization,376]- Bean 'com.baomidou.mybatisplus.autoconfigure.MybatisPlusAutoConfiguration' of type [com.baomidou.mybatisplus.autoconfigure.MybatisPlusAutoConfiguration$$EnhancerBySpringCGLIB$$8b573269] is not eligible for getting processed by all BeanPostProcessors (for example: not eligible for auto-proxying)
[31m2023-02-01 11:42:12[0;39m [32m[restartedMain][0;39m [34mINFO [0;39m [1;35mo.s.c.s.PostProcessorRegistrationDelegate$BeanPostProcessorChecker[0;39m [postProcessAfterInitialization,376]- Bean 'com.alibaba.druid.spring.boot.autoconfigure.DruidDataSourceAutoConfigure' of type [com.alibaba.druid.spring.boot.autoconfigure.DruidDataSourceAutoConfigure$$EnhancerBySpringCGLIB$$673abb41] is not eligible for getting processed by all BeanPostProcessors (for example: not eligible for auto-proxying)
[31m2023-02-01 11:42:12[0;39m [32m[restartedMain][0;39m [34mINFO [0;39m [1;35mc.a.d.s.b.a.DruidDataSourceAutoConfigure[0;39m [dataSource,56]- Init DruidDataSource
[31m2023-02-01 11:42:12[0;39m [32m[restartedMain][0;39m [34mINFO [0;39m [1;35mo.s.c.s.PostProcessorRegistrationDelegate$BeanPostProcessorChecker[0;39m [postProcessAfterInitialization,376]- Bean 'spring.datasource-org.springframework.boot.autoconfigure.jdbc.DataSourceProperties' of type [org.springframework.boot.autoconfigure.jdbc.DataSourceProperties] is not eligible for getting processed by all BeanPostProcessors (for example: not eligible for auto-proxying)
[31m2023-02-01 11:42:12[0;39m [32m[restartedMain][0;39m [34mINFO [0;39m [1;35mc.alibaba.druid.pool.DruidDataSource[0;39m [init,985]- {dataSource-1} inited
[31m2023-02-01 11:42:12[0;39m [32m[restartedMain][0;39m [34mINFO [0;39m [1;35mo.s.c.s.PostProcessorRegistrationDelegate$BeanPostProcessorChecker[0;39m [postProcessAfterInitialization,376]- Bean 'dataSource' of type [com.alibaba.druid.spring.boot.autoconfigure.DruidDataSourceWrapper] is not eligible for getting processed by all BeanPostProcessors (for example: not eligible for auto-proxying)
[31m2023-02-01 11:42:13[0;39m [32m[restartedMain][0;39m [34mINFO [0;39m [1;35mo.s.c.s.PostProcessorRegistrationDelegate$BeanPostProcessorChecker[0;39m [postProcessAfterInitialization,376]- Bean 'sqlSessionFactory' of type [org.apache.ibatis.session.defaults.DefaultSqlSessionFactory] is not eligible for getting processed by all BeanPostProcessors (for example: not eligible for auto-proxying)
[31m2023-02-01 11:42:13[0;39m [32m[restartedMain][0;39m [34mINFO [0;39m [1;35mo.s.c.s.PostProcessorRegistrationDelegate$BeanPostProcessorChecker[0;39m [postProcessAfterInitialization,376]- Bean 'sqlSessionTemplate' of type [org.mybatis.spring.SqlSessionTemplate] is not eligible for getting processed by all BeanPostProcessors (for example: not eligible for auto-proxying)
[31m2023-02-01 11:42:13[0;39m [32m[restartedMain][0;39m [34mINFO [0;39m [1;35mo.s.c.s.PostProcessorRegistrationDelegate$BeanPostProcessorChecker[0;39m [postProcessAfterInitialization,376]- Bean 'userMapper' of type [org.mybatis.spring.mapper.MapperFactoryBean] is not eligible for getting processed by all BeanPostProcessors (for example: not eligible for auto-proxying)
[31m2023-02-01 11:42:13[0;39m [32m[restartedMain][0;39m [34mINFO [0;39m [1;35mo.s.c.s.PostProcessorRegistrationDelegate$BeanPostProcessorChecker[0;39m [postProcessAfterInitialization,376]- Bean 'userMapper' of type [com.sun.proxy.$Proxy87] is not eligible for getting processed by all BeanPostProcessors (for example: not eligible for auto-proxying)
[31m2023-02-01 11:42:13[0;39m [32m[restartedMain][0;39m [34mINFO [0;39m [1;35mo.s.c.s.PostProcessorRegistrationDelegate$BeanPostProcessorChecker[0;39m [postProcessAfterInitialization,376]- Bean 'userServiceImpl' of type [com.ashuo.scms.service.impl.UserServiceImpl] is not eligible for getting processed by all BeanPostProcessors (for example: not eligible for auto-proxying)
[31m2023-02-01 11:42:13[0;39m [32m[restartedMain][0;39m [34mINFO [0;39m [1;35mo.s.c.s.PostProcessorRegistrationDelegate$BeanPostProcessorChecker[0;39m [postProcessAfterInitialization,376]- Bean 'accountRealm' of type [com.ashuo.scms.shiro.AccountRealm] is not eligible for getting processed by all BeanPostProcessors (for example: not eligible for auto-proxying)
[31m2023-02-01 11:42:13[0;39m [32m[restartedMain][0;39m [34mINFO [0;39m [1;35mo.s.c.s.PostProcessorRegistrationDelegate$BeanPostProcessorChecker[0;39m [postProcessAfterInitialization,376]- Bean 'securityManager' of type [org.apache.shiro.web.mgt.DefaultWebSecurityManager] is not eligible for getting processed by all BeanPostProcessors (for example: not eligible for auto-proxying)
[31m2023-02-01 11:42:13[0;39m [32m[restartedMain][0;39m [34mINFO [0;39m [1;35mo.s.c.s.PostProcessorRegistrationDelegate$BeanPostProcessorChecker[0;39m [postProcessAfterInitialization,376]- Bean 'authorizationAttributeSourceAdvisor' of type [org.apache.shiro.spring.security.interceptor.AuthorizationAttributeSourceAdvisor] is not eligible for getting processed by all BeanPostProcessors (for example: not eligible for auto-proxying)
[31m2023-02-01 11:42:13[0;39m [32m[restartedMain][0;39m [34mINFO [0;39m [1;35mo.s.b.w.e.tomcat.TomcatWebServer[0;39m [initialize,108]- Tomcat initialized with port(s): 8088 (http)
[31m2023-02-01 11:42:13[0;39m [32m[restartedMain][0;39m [34mINFO [0;39m [1;35mo.a.coyote.http11.Http11NioProtocol[0;39m [log,173]- Initializing ProtocolHandler ["http-nio-8088"]
[31m2023-02-01 11:42:13[0;39m [32m[restartedMain][0;39m [34mINFO [0;39m [1;35mo.a.catalina.core.StandardService[0;39m [log,173]- Starting service [Tomcat]
[31m2023-02-01 11:42:13[0;39m [32m[restartedMain][0;39m [34mINFO [0;39m [1;35mo.a.catalina.core.StandardEngine[0;39m [log,173]- Starting Servlet engine: [Apache Tomcat/9.0.53]
[31m2023-02-01 11:42:13[0;39m [32m[restartedMain][0;39m [34mINFO [0;39m [1;35mo.a.c.c.C.[Tomcat].[localhost].[/][0;39m [log,173]- Initializing Spring embedded WebApplicationContext
[31m2023-02-01 11:42:13[0;39m [32m[restartedMain][0;39m [34mINFO [0;39m [1;35mo.s.b.w.s.c.ServletWebServerApplicationContext[0;39m [prepareWebApplicationContext,290]- Root WebApplicationContext: initialization completed in 2457 ms
[31m2023-02-01 11:42:14[0;39m [32m[restartedMain][0;39m [34mINFO [0;39m [1;35ms.d.s.w.PropertySourcedRequestMappingHandlerMapping[0;39m [initHandlerMethods,69]- Mapped URL path [/v2/api-docs] onto method [springfox.documentation.swagger2.web.Swagger2Controller#getDocumentation(String, HttpServletRequest)]
[31m2023-02-01 11:42:14[0;39m [32m[restartedMain][0;39m [34mINFO [0;39m [1;35mo.s.b.d.a.OptionalLiveReloadServer[0;39m [startServer,58]- LiveReload server is running on port 35729
[31m2023-02-01 11:42:14[0;39m [32m[restartedMain][0;39m [34mINFO [0;39m [1;35mo.s.b.a.s.s.UserDetailsServiceAutoConfiguration[0;39m [getOrDeducePassword,86]- 

Using generated security password: 5af24f08-e65f-49f4-a335-c55dc26c407f

[31m2023-02-01 11:42:14[0;39m [32m[restartedMain][0;39m [34mINFO [0;39m [1;35mo.s.s.web.DefaultSecurityFilterChain[0;39m [<init>,51]- Will secure any request with [org.springframework.security.web.context.request.async.WebAsyncManagerIntegrationFilter@159a4343, org.springframework.security.web.context.SecurityContextPersistenceFilter@3537eb4a, org.springframework.security.web.header.HeaderWriterFilter@fc1a7ae, org.springframework.web.filter.CorsFilter@171f9a4c, org.springframework.security.web.authentication.logout.LogoutFilter@747f1cf6, org.springframework.security.web.savedrequest.RequestCacheAwareFilter@4d58a545, org.springframework.security.web.servletapi.SecurityContextHolderAwareRequestFilter@2c929be3, org.springframework.security.web.authentication.AnonymousAuthenticationFilter@13cefc83, org.springframework.security.web.session.SessionManagementFilter@4cf5c17a, org.springframework.security.web.access.ExceptionTranslationFilter@16aba646, org.springframework.security.web.access.intercept.FilterSecurityInterceptor@56b30c2f]
[31m2023-02-01 11:42:14[0;39m [32m[restartedMain][0;39m [34mINFO [0;39m [1;35mo.a.coyote.http11.Http11NioProtocol[0;39m [log,173]- Starting ProtocolHandler ["http-nio-8088"]
[31m2023-02-01 11:42:14[0;39m [32m[restartedMain][0;39m [34mINFO [0;39m [1;35mo.s.b.w.e.tomcat.TomcatWebServer[0;39m [start,220]- Tomcat started on port(s): 8088 (http) with context path ''
[31m2023-02-01 11:42:14[0;39m [32m[restartedMain][0;39m [34mINFO [0;39m [1;35ms.d.s.w.p.DocumentationPluginsBootstrapper[0;39m [start,160]- Context refreshed
[31m2023-02-01 11:42:14[0;39m [32m[restartedMain][0;39m [34mINFO [0;39m [1;35ms.d.s.w.p.DocumentationPluginsBootstrapper[0;39m [start,163]- Found 1 custom documentation plugin(s)
[31m2023-02-01 11:42:14[0;39m [32m[restartedMain][0;39m [34mINFO [0;39m [1;35ms.d.s.w.s.ApiListingReferenceScanner[0;39m [scan,41]- Scanning for api listing references
[31m2023-02-01 11:42:15[0;39m [32m[restartedMain][0;39m [34mINFO [0;39m [1;35mcom.ashuo.scms.ScmsApplication[0;39m [logStarted,61]- Started ScmsApplication in 4.343 seconds (JVM running for 5.678)
[31m2023-02-01 11:42:37[0;39m [32m[http-nio-8088-exec-1][0;39m [34mINFO [0;39m [1;35mo.a.c.c.C.[Tomcat].[localhost].[/][0;39m [log,173]- Initializing Spring DispatcherServlet 'dispatcherServlet'
[31m2023-02-01 11:42:37[0;39m [32m[http-nio-8088-exec-1][0;39m [34mINFO [0;39m [1;35mo.s.web.servlet.DispatcherServlet[0;39m [initServletBean,525]- Initializing Servlet 'dispatcherServlet'
[31m2023-02-01 11:42:37[0;39m [32m[http-nio-8088-exec-1][0;39m [34mINFO [0;39m [1;35mo.s.web.servlet.DispatcherServlet[0;39m [initServletBean,547]- Completed initialization in 2 ms
